#
# A fatal error has been detected by the Java Runtime Environment:
#
#  EXCEPTION_ACCESS_VIOLATION (0xc0000005) at pc=0x00000235aef2e14b, pid=10508, tid=13716
#
# JRE version: OpenJDK Runtime Environment (11.0.11+9) (build 11.0.11+9-b60-7590822)
# Java VM: OpenJDK 64-Bit Server VM (11.0.11+9-b60-7590822, mixed mode, tiered, compressed oops, g1 gc, windows-amd64)
# Problematic frame:
# J 14409 c1 java.util.concurrent.locks.AbstractQueuedSynchronizer.transferAfterCancelledWait(Ljava/util/concurrent/locks/AbstractQueuedSynchronizer$Node;)Z java.base@11.0.11 (34 bytes) @ 0x00000235aef2e14b [0x00000235aef2dea0+0x00000000000002ab]
#
# No core dump will be written. Minidumps are not enabled by default on client versions of Windows
#
# If you would like to submit a bug report, please visit:
#   https://bugreport.java.com/bugreport/crash.jsp
#

---------------  S U M M A R Y ------------

Command Line: --add-opens=java.base/java.util=ALL-UNNAMED --add-opens=java.base/java.lang=ALL-UNNAMED --add-opens=java.base/java.lang.invoke=ALL-UNNAMED --add-opens=java.base/java.util=ALL-UNNAMED --add-opens=java.prefs/java.util.prefs=ALL-UNNAMED --add-opens=java.prefs/java.util.prefs=ALL-UNNAMED --add-opens=java.base/java.nio.charset=ALL-UNNAMED --add-opens=java.base/java.net=ALL-UNNAMED --add-opens=java.base/java.util.concurrent.atomic=ALL-UNNAMED -Xmx2048m -Dfile.encoding=UTF-8 -Duser.country=IN -Duser.language=en -Duser.variant org.gradle.launcher.daemon.bootstrap.GradleDaemon 7.2

Host: Intel(R) Core(TM) i3-7100 CPU @ 3.90GHz, 4 cores, 15G,  Windows 10 , 64 bit Build 17763 (10.0.17763.475)
Time: Mon Feb  7 12:19:31 2022 India Standard Time elapsed time: 5671.626874 seconds (0d 1h 34m 31s)

---------------  T H R E A D  ---------------

Current thread (0x00000235c64de800):  JavaThread "Daemon client event forwarder" [_thread_in_Java, id=13716, stack(0x000000f312e00000,0x000000f312f00000)]

Stack: [0x000000f312e00000,0x000000f312f00000],  sp=0x000000f312efec40,  free space=1019k
Native frames: (J=compiled Java code, j=interpreted, Vv=VM code, C=native code)
C  0x00000235aef2e14b


siginfo: EXCEPTION_ACCESS_VIOLATION (0xc0000005), reading address 0x0000000000000060


Register to memory mapping:

RIP=0x00000235aef2e14b is at entry_point+683 in (nmethod*)0x00000235aef2dc10
RAX=0x0000000080c844c8 is an oop: java.lang.Class 
{0x0000000080c844c8} - klass: 'java/lang/Class'
RBX=0x000000010009d028 is a pointer to class: 
java.util.concurrent.locks.AbstractQueuedSynchronizer$Node {0x000000010009d030}
RCX=0x000000008d80b780 is an oop: java.util.concurrent.locks.ReentrantLock$NonfairSync 
{0x000000008d80b780} - klass: 'java/util/concurrent/locks/ReentrantLock$NonfairSync'
RDX=0x000000008d80b780 is an oop: java.util.concurrent.locks.ReentrantLock$NonfairSync 
{0x000000008d80b780} - klass: 'java/util/concurrent/locks/ReentrantLock$NonfairSync'
RSP=0x000000f312efec40 is pointing into the stack for thread: 0x00000235c64de800
RBP=0x000000f312efedc0 is pointing into the stack for thread: 0x00000235c64de800
RSI=0x00000235c58cac90 is pointing into metadata
RDI=0x0000000000000028 is an unknown value
R8 =0x0000000091a37810 is pointing into object: java.util.concurrent.locks.AbstractQueuedSynchronizer$Node 
{0x0000000091a377f8} - klass: 'java/util/concurrent/locks/AbstractQueuedSynchronizer$Node'
R9 =0x0000000000008000 is an unknown value
R10=0x00007ffcd45fa200 jvm.dll
R11=0x00000235aef2dec0 is at entry_point+32 in (nmethod*)0x00000235aef2dc10
R12=0x0 is NULL
R13=0x000000f312efed68 is pointing into the stack for thread: 0x00000235c64de800
R14=0x000000f312efee28 is pointing into the stack for thread: 0x00000235c64de800
R15=0x00000235c64de800 is a thread


Registers:
RAX=0x0000000080c844c8, RBX=0x000000010009d028, RCX=0x000000008d80b780, RDX=0x000000008d80b780
RSP=0x000000f312efec40, RBP=0x000000f312efedc0, RSI=0x00000235c58cac90, RDI=0x0000000000000028
R8 =0x0000000091a37810, R9 =0x0000000000008000, R10=0x00007ffcd45fa200, R11=0x00000235aef2dec0
R12=0x0000000000000000, R13=0x000000f312efed68, R14=0x000000f312efee28, R15=0x00000235c64de800
RIP=0x00000235aef2e14b, EFLAGS=0x0000000000010206

Top of Stack: (sp=0x000000f312efec40)
0x000000f312efec40:   0000023500000002 0003450a69251500
0x000000f312efec50:   000000f312efecd8 00000235aca7662f
0x000000f312efec60:   00000235aca76510 000000f300000000
0x000000f312efec70:   000000f312efecf8 000000f312efecd8
0x000000f312efec80:   00000235c64de800 00000235cf7cb880
0x000000f312efec90:   00000235cd45a310 00000235cd45a328
0x000000f312efeca0:   00000235cd45a3f8 00000000000000d8
0x000000f312efecb0:   000000f312eff298 0000000000000000
0x000000f312efecc0:   00000235c9d2ac50 00000235aca7666a
0x000000f312efecd0:   0000000000000050 000000f312efecf8
0x000000f312efece0:   00000235d2bf6020 0000000000000002
0x000000f312efecf0:   00000235c64de800 000000f312efed58
0x000000f312efed00:   00000235aca72be0 0000000000000000
0x000000f312efed10:   000000f312efed10 00000235c39376b5
0x000000f312efed20:   000000008d80b780 0000000091a37810
0x000000f312efed30:   00000235c8b23b08 0000000080c84410 

Instructions: (pc=0x00000235aef2e14b)
0x00000235aef2e04b:   00 00 00 48 85 f6 75 08 48 81 48 08 01 00 00 00
0x00000235aef2e05b:   48 b8 20 4c 48 c8 35 02 00 00 48 83 80 a8 01 00
0x00000235aef2e06b:   00 01 48 b8 38 5d 48 c8 35 02 00 00 8b b0 04 01
0x00000235aef2e07b:   00 00 83 c6 08 89 b0 04 01 00 00 81 e6 f8 ff 7f
0x00000235aef2e08b:   00 83 fe 00 0f 84 fd 06 00 00 48 b8 c8 44 c8 80
0x00000235aef2e09b:   00 00 00 00 48 be 38 5d 48 c8 35 02 00 00 48 83
0x00000235aef2e0ab:   86 40 01 00 00 01 48 b8 90 ac 8c c5 35 02 00 00
0x00000235aef2e0bb:   8b b0 04 01 00 00 83 c6 08 89 b0 04 01 00 00 81
0x00000235aef2e0cb:   e6 f8 ff 7f 00 83 fe 00 0f 84 da 06 00 00 49 83
0x00000235aef2e0db:   f8 00 48 b8 90 ac 8c c5 35 02 00 00 48 be 40 01
0x00000235aef2e0eb:   00 00 00 00 00 00 0f 84 0a 00 00 00 48 be 50 01
0x00000235aef2e0fb:   00 00 00 00 00 00 48 8b 3c 30 48 8d 7f 01 48 89
0x00000235aef2e10b:   3c 30 0f 84 8f 00 00 00 48 b8 c8 44 c8 80 00 00
0x00000235aef2e11b:   00 00 48 be 90 ac 8c c5 35 02 00 00 48 83 86 60
0x00000235aef2e12b:   01 00 00 01 49 83 f8 00 0f 84 21 00 00 00 48 bb
0x00000235aef2e13b:   28 d0 09 00 01 00 00 00 41 8b 78 08 48 c1 e7 03
0x00000235aef2e14b:   48 3b 5f 38 0f 85 05 00 00 00 e9 05 00 00 00 48
0x00000235aef2e15b:   33 c0 eb 0a 48 b8 01 00 00 00 00 00 00 00 83 f8
0x00000235aef2e16b:   00 48 b8 90 ac 8c c5 35 02 00 00 48 be a8 01 00
0x00000235aef2e17b:   00 00 00 00 00 0f 84 0a 00 00 00 48 be 98 01 00
0x00000235aef2e18b:   00 00 00 00 00 48 8b 3c 30 48 8d 7f 01 48 89 3c
0x00000235aef2e19b:   30 0f 84 9f 04 00 00 48 b8 38 5d 48 c8 35 02 00
0x00000235aef2e1ab:   00 48 83 80 78 01 00 00 01 48 b8 c8 09 55 c3 35
0x00000235aef2e1bb:   02 00 00 8b b0 04 01 00 00 83 c6 08 89 b0 04 01
0x00000235aef2e1cb:   00 00 81 e6 f8 ff 7f 00 83 fe 00 0f 84 f8 05 00
0x00000235aef2e1db:   00 49 83 f8 00 48 b8 c8 09 55 c3 35 02 00 00 48
0x00000235aef2e1eb:   be 50 01 00 00 00 00 00 00 0f 84 0a 00 00 00 48
0x00000235aef2e1fb:   be 40 01 00 00 00 00 00 00 48 8b 3c 30 48 8d 7f
0x00000235aef2e20b:   01 48 89 3c 30 0f 84 9e 03 00 00 49 8d 70 0c b8
0x00000235aef2e21b:   fe ff ff ff bf 00 00 00 00 f0 0f b1 3e be 01 00
0x00000235aef2e22b:   00 00 0f 84 05 00 00 00 be 00 00 00 00 83 e6 01
0x00000235aef2e23b:   83 e6 01 83 e6 01 83 fe 00 48 be 00 51 6c ca 35 


Stack slot to memory mapping:
stack at sp + 0 slots: 0x0000023500000002 is an unknown value
stack at sp + 1 slots: 0x0003450a69251500 is an unknown value
stack at sp + 2 slots: 0x000000f312efecd8 is pointing into the stack for thread: 0x00000235c64de800
stack at sp + 3 slots: 0x00000235aca7662f is at code_begin+175 in 
[CodeBlob (0x00000235aca76510)]
Framesize: 6
UncommonTrapBlob
stack at sp + 4 slots: 0x00000235aca76510 is at code_begin+-112 in 
[CodeBlob (0x00000235aca76510)]
Framesize: 6
UncommonTrapBlob
stack at sp + 5 slots: 0x000000f300000000 is an unknown value
stack at sp + 6 slots: 0x000000f312efecf8 is pointing into the stack for thread: 0x00000235c64de800
stack at sp + 7 slots: 0x000000f312efecd8 is pointing into the stack for thread: 0x00000235c64de800



---------------  P R O C E S S  ---------------

Threads class SMR info:
_java_thread_list=0x00000235c60711f0, length=85, elements={
0x00000235a77a9000, 0x00000235c3b60800, 0x00000235c3b64800, 0x00000235c3b6e000,
0x00000235c3bbc800, 0x00000235c3bc1000, 0x00000235c3bc2800, 0x00000235c3bd0000,
0x00000235c3bdd800, 0x00000235c3d46800, 0x00000235c565b800, 0x00000235c5a33800,
0x00000235c5b6a800, 0x00000235c5b5b800, 0x00000235c5b62000, 0x00000235c5b5d000,
0x00000235c5b5c000, 0x00000235c5b5e800, 0x00000235c5b5d800, 0x00000235c5b60000,
0x00000235c7508000, 0x00000235c7505800, 0x00000235c7507000, 0x00000235c7509800,
0x00000235c9f5f000, 0x00000235c64df800, 0x00000235c64e0000, 0x00000235c64e1000,
0x00000235c64e2000, 0x00000235c64dd000, 0x00000235c64dd800, 0x00000235c64de800,
0x00000235c9f52800, 0x00000235c9f54800, 0x00000235c9f56000, 0x00000235c9f50000,
0x00000235c9f52000, 0x00000235c9f56800, 0x00000235c9f51000, 0x00000235c9f59000,
0x00000235c9f57800, 0x00000235c9f53800, 0x00000235c9f58800, 0x00000235c9f5b000,
0x00000235c9f5a000, 0x00000235c9f55000, 0x00000235c9f5b800, 0x00000235c9f5c800,
0x00000235c9f5d000, 0x00000235c9f5e000, 0x00000235cb5b8000, 0x00000235cb5b5000,
0x00000235cb5b4000, 0x00000235cb5b2800, 0x00000235cb5b5800, 0x00000235cb5b6800,
0x00000235cb5b7000, 0x00000235cb5b9000, 0x00000235cb5b3000, 0x00000235cb5bb800,
0x00000235cb5bd000, 0x00000235cb5b9800, 0x00000235cb5bc000, 0x00000235cb5be000,
0x00000235cb5be800, 0x00000235cb5bf800, 0x00000235cb5ba800, 0x00000235cb5c0000,
0x00000235c7506000, 0x00000235c7503000, 0x00000235c7503800, 0x00000235c750d800,
0x00000235c750b000, 0x00000235c750c000, 0x00000235c7511000, 0x00000235c7511800,
0x00000235c7510000, 0x00000235c750c800, 0x00000235cb5f3000, 0x00000235cb5f2800,
0x00000235cb5f9000, 0x00000235cb5f4800, 0x00000235cb5f4000, 0x00000235cb5f5800,
0x00000235cb5f6800
}

Java Threads: ( => current thread )
  0x00000235a77a9000 JavaThread "main" [_thread_blocked, id=288, stack(0x000000f311100000,0x000000f311200000)]
  0x00000235c3b60800 JavaThread "Reference Handler" daemon [_thread_blocked, id=16172, stack(0x000000f311800000,0x000000f311900000)]
  0x00000235c3b64800 JavaThread "Finalizer" daemon [_thread_blocked, id=16320, stack(0x000000f311900000,0x000000f311a00000)]
  0x00000235c3b6e000 JavaThread "Signal Dispatcher" daemon [_thread_blocked, id=16100, stack(0x000000f311a00000,0x000000f311b00000)]
  0x00000235c3bbc800 JavaThread "Attach Listener" daemon [_thread_blocked, id=8832, stack(0x000000f311b00000,0x000000f311c00000)]
  0x00000235c3bc1000 JavaThread "Service Thread" daemon [_thread_blocked, id=15320, stack(0x000000f311c00000,0x000000f311d00000)]
  0x00000235c3bc2800 JavaThread "C2 CompilerThread0" daemon [_thread_in_native, id=17252, stack(0x000000f311d00000,0x000000f311e00000)]
  0x00000235c3bd0000 JavaThread "C1 CompilerThread0" daemon [_thread_blocked, id=6484, stack(0x000000f311e00000,0x000000f311f00000)]
  0x00000235c3bdd800 JavaThread "Sweeper thread" daemon [_thread_blocked, id=13248, stack(0x000000f311f00000,0x000000f312000000)]
  0x00000235c3d46800 JavaThread "Common-Cleaner" daemon [_thread_blocked, id=2496, stack(0x000000f312000000,0x000000f312100000)]
  0x00000235c565b800 JavaThread "Daemon health stats" [_thread_blocked, id=14616, stack(0x000000f312600000,0x000000f312700000)]
  0x00000235c5a33800 JavaThread "Incoming local TCP Connector on port 54109" [_thread_in_native, id=4932, stack(0x000000f312200000,0x000000f312300000)]
  0x00000235c5b6a800 JavaThread "Daemon periodic checks" [_thread_blocked, id=11844, stack(0x000000f312700000,0x000000f312800000)]
  0x00000235c5b5b800 JavaThread "Cache worker for journal cache (C:\Users\CIPL1049\.gradle\caches\journal-1)" [_thread_blocked, id=14652, stack(0x000000f312a00000,0x000000f312b00000)]
  0x00000235c5b62000 JavaThread "File lock request listener" [_thread_in_native, id=7392, stack(0x000000f313000000,0x000000f313100000)]
  0x00000235c5b5d000 JavaThread "Cache worker for file hash cache (C:\Users\CIPL1049\.gradle\caches\7.2\fileHashes)" [_thread_blocked, id=2368, stack(0x000000f313100000,0x000000f313200000)]
  0x00000235c5b5c000 JavaThread "File watcher server" daemon [_thread_in_native, id=10548, stack(0x000000f313400000,0x000000f313500000)]
  0x00000235c5b5e800 JavaThread "File watcher consumer" daemon [_thread_blocked, id=6608, stack(0x000000f313500000,0x000000f313600000)]
  0x00000235c5b5d800 JavaThread "jar transforms" [_thread_blocked, id=10016, stack(0x000000f313600000,0x000000f313700000)]
  0x00000235c5b60000 JavaThread "jar transforms Thread 2" [_thread_blocked, id=8720, stack(0x000000f313700000,0x000000f313800000)]
  0x00000235c7508000 JavaThread "jar transforms Thread 3" [_thread_blocked, id=3620, stack(0x000000f313800000,0x000000f313900000)]
  0x00000235c7505800 JavaThread "jar transforms Thread 4" [_thread_blocked, id=13612, stack(0x000000f313900000,0x000000f313a00000)]
  0x00000235c7507000 JavaThread "Cache worker for execution history cache (C:\Users\CIPL1049\.gradle\caches\7.2\executionHistory)" [_thread_blocked, id=16544, stack(0x000000f313c00000,0x000000f313d00000)]
  0x00000235c7509800 JavaThread "Cache worker for file content cache (C:\Users\CIPL1049\.gradle\caches\7.2\fileContent)" [_thread_blocked, id=12788, stack(0x000000f313e00000,0x000000f313f00000)]
  0x00000235c9f5f000 JavaThread "Memory manager" [_thread_blocked, id=9100, stack(0x000000f316900000,0x000000f316a00000)]
  0x00000235c64df800 JavaThread "Daemon Thread 5" [_thread_blocked, id=5224, stack(0x000000f310e00000,0x000000f310f00000)]
  0x00000235c64e0000 JavaThread "Handler for socket connection from /127.0.0.1:54109 to /127.0.0.1:56847" [_thread_in_native, id=2336, stack(0x000000f312800000,0x000000f312900000)]
  0x00000235c64e1000 JavaThread "Cancel handler" [_thread_blocked, id=9152, stack(0x000000f312900000,0x000000f312a00000)]
  0x00000235c64e2000 JavaThread "Daemon worker Thread 5" [_thread_blocked, id=9200, stack(0x000000f312b00000,0x000000f312c00000)]
  0x00000235c64dd000 JavaThread "Asynchronous log dispatcher for DefaultDaemonConnection: socket connection from /127.0.0.1:54109 to /127.0.0.1:56847" [_thread_blocked, id=6928, stack(0x000000f312c00000,0x000000f312d00000)]
  0x00000235c64dd800 JavaThread "Stdin handler" [_thread_blocked, id=4448, stack(0x000000f312d00000,0x000000f312e00000)]
=>0x00000235c64de800 JavaThread "Daemon client event forwarder" [_thread_in_Java, id=13716, stack(0x000000f312e00000,0x000000f312f00000)]
  0x00000235c9f52800 JavaThread "Cache worker for file hash cache (C:\Users\CIPL1049\Colan Projects\ColanLMT\.gradle\7.2\fileHashes)" [_thread_blocked, id=15792, stack(0x000000f312f00000,0x000000f313000000)]
  0x00000235c9f54800 JavaThread "Cache worker for checksums cache (C:\Users\CIPL1049\Colan Projects\ColanLMT\.gradle\checksums)" [_thread_blocked, id=7716, stack(0x000000f313200000,0x000000f313300000)]
  0x00000235c9f56000 JavaThread "Cache worker for cache directory md-supplier (C:\Users\CIPL1049\.gradle\caches\7.2\md-supplier)" [_thread_blocked, id=8232, stack(0x000000f313300000,0x000000f313400000)]
  0x00000235c9f50000 JavaThread "Cache worker for cache directory md-rule (C:\Users\CIPL1049\.gradle\caches\7.2\md-rule)" [_thread_blocked, id=15760, stack(0x000000f313a00000,0x000000f313b00000)]
  0x00000235c9f52000 JavaThread "Cache worker for dependencies-accessors (C:\Users\CIPL1049\Colan Projects\ColanLMT\.gradle\7.2\dependencies-accessors)" [_thread_blocked, id=7088, stack(0x000000f313b00000,0x000000f313c00000)]
  0x00000235c9f56800 JavaThread "Cache worker for Build Output Cleanup Cache (C:\Users\CIPL1049\Colan Projects\ColanLMT\.gradle\buildOutputCleanup)" [_thread_blocked, id=7180, stack(0x000000f313d00000,0x000000f313e00000)]
  0x00000235c9f51000 JavaThread "C2 CompilerThread1" daemon [_thread_in_native, id=2360, stack(0x000000f313f00000,0x000000f314000000)]
  0x00000235c9f59000 JavaThread "Unconstrained build operations" [_thread_blocked, id=11812, stack(0x000000f314000000,0x000000f314100000)]
  0x00000235c9f57800 JavaThread "Unconstrained build operations Thread 2" [_thread_blocked, id=15000, stack(0x000000f314100000,0x000000f314200000)]
  0x00000235c9f53800 JavaThread "Unconstrained build operations Thread 3" [_thread_blocked, id=12088, stack(0x000000f314200000,0x000000f314300000)]
  0x00000235c9f58800 JavaThread "Unconstrained build operations Thread 4" [_thread_blocked, id=8228, stack(0x000000f314300000,0x000000f314400000)]
  0x00000235c9f5b000 JavaThread "Unconstrained build operations Thread 5" [_thread_blocked, id=5472, stack(0x000000f314400000,0x000000f314500000)]
  0x00000235c9f5a000 JavaThread "Unconstrained build operations Thread 6" [_thread_blocked, id=15072, stack(0x000000f314500000,0x000000f314600000)]
  0x00000235c9f55000 JavaThread "Unconstrained build operations Thread 7" [_thread_blocked, id=9224, stack(0x000000f314600000,0x000000f314700000)]
  0x00000235c9f5b800 JavaThread "Unconstrained build operations Thread 8" [_thread_blocked, id=16636, stack(0x000000f314700000,0x000000f314800000)]
  0x00000235c9f5c800 JavaThread "Unconstrained build operations Thread 9" [_thread_blocked, id=9888, stack(0x000000f314800000,0x000000f314900000)]
  0x00000235c9f5d000 JavaThread "Unconstrained build operations Thread 10" [_thread_blocked, id=13324, stack(0x000000f314900000,0x000000f314a00000)]
  0x00000235c9f5e000 JavaThread "Unconstrained build operations Thread 11" [_thread_blocked, id=13436, stack(0x000000f314a00000,0x000000f314b00000)]
  0x00000235cb5b8000 JavaThread "Unconstrained build operations Thread 12" [_thread_blocked, id=9044, stack(0x000000f314b00000,0x000000f314c00000)]
  0x00000235cb5b5000 JavaThread "Unconstrained build operations Thread 13" [_thread_blocked, id=16452, stack(0x000000f314c00000,0x000000f314d00000)]
  0x00000235cb5b4000 JavaThread "Unconstrained build operations Thread 14" [_thread_blocked, id=16388, stack(0x000000f314d00000,0x000000f314e00000)]
  0x00000235cb5b2800 JavaThread "Unconstrained build operations Thread 15" [_thread_blocked, id=2092, stack(0x000000f314e00000,0x000000f314f00000)]
  0x00000235cb5b5800 JavaThread "Unconstrained build operations Thread 16" [_thread_blocked, id=16696, stack(0x000000f314f00000,0x000000f315000000)]
  0x00000235cb5b6800 JavaThread "Unconstrained build operations Thread 17" [_thread_blocked, id=13256, stack(0x000000f315000000,0x000000f315100000)]
  0x00000235cb5b7000 JavaThread "Unconstrained build operations Thread 18" [_thread_blocked, id=8324, stack(0x000000f315100000,0x000000f315200000)]
  0x00000235cb5b9000 JavaThread "Unconstrained build operations Thread 19" [_thread_blocked, id=13712, stack(0x000000f315200000,0x000000f315300000)]
  0x00000235cb5b3000 JavaThread "Unconstrained build operations Thread 20" [_thread_blocked, id=16788, stack(0x000000f315300000,0x000000f315400000)]
  0x00000235cb5bb800 JavaThread "Unconstrained build operations Thread 21" [_thread_blocked, id=14392, stack(0x000000f315400000,0x000000f315500000)]
  0x00000235cb5bd000 JavaThread "Unconstrained build operations Thread 22" [_thread_blocked, id=14184, stack(0x000000f315500000,0x000000f315600000)]
  0x00000235cb5b9800 JavaThread "Unconstrained build operations Thread 23" [_thread_blocked, id=16700, stack(0x000000f315600000,0x000000f315700000)]
  0x00000235cb5bc000 JavaThread "Unconstrained build operations Thread 24" [_thread_blocked, id=16668, stack(0x000000f315700000,0x000000f315800000)]
  0x00000235cb5be000 JavaThread "Unconstrained build operations Thread 25" [_thread_blocked, id=13636, stack(0x000000f315800000,0x000000f315900000)]
  0x00000235cb5be800 JavaThread "Unconstrained build operations Thread 26" [_thread_blocked, id=11144, stack(0x000000f315900000,0x000000f315a00000)]
  0x00000235cb5bf800 JavaThread "Unconstrained build operations Thread 27" [_thread_blocked, id=9992, stack(0x000000f315a00000,0x000000f315b00000)]
  0x00000235cb5ba800 JavaThread "Unconstrained build operations Thread 28" [_thread_blocked, id=8088, stack(0x000000f315b00000,0x000000f315c00000)]
  0x00000235cb5c0000 JavaThread "Unconstrained build operations Thread 29" [_thread_blocked, id=10444, stack(0x000000f315c00000,0x000000f315d00000)]
  0x00000235c7506000 JavaThread "Unconstrained build operations Thread 30" [_thread_blocked, id=6440, stack(0x000000f315d00000,0x000000f315e00000)]
  0x00000235c7503000 JavaThread "Unconstrained build operations Thread 31" [_thread_blocked, id=2640, stack(0x000000f315e00000,0x000000f315f00000)]
  0x00000235c7503800 JavaThread "Unconstrained build operations Thread 32" [_thread_blocked, id=10028, stack(0x000000f315f00000,0x000000f316000000)]
  0x00000235c750d800 JavaThread "Unconstrained build operations Thread 33" [_thread_blocked, id=11664, stack(0x000000f316000000,0x000000f316100000)]
  0x00000235c750b000 JavaThread "Unconstrained build operations Thread 34" [_thread_blocked, id=14580, stack(0x000000f316100000,0x000000f316200000)]
  0x00000235c750c000 JavaThread "Unconstrained build operations Thread 35" [_thread_blocked, id=2980, stack(0x000000f316200000,0x000000f316300000)]
  0x00000235c7511000 JavaThread "Unconstrained build operations Thread 36" [_thread_blocked, id=7336, stack(0x000000f316300000,0x000000f316400000)]
  0x00000235c7511800 JavaThread "Unconstrained build operations Thread 37" [_thread_blocked, id=14088, stack(0x000000f316400000,0x000000f316500000)]
  0x00000235c7510000 JavaThread "Unconstrained build operations Thread 38" [_thread_blocked, id=17056, stack(0x000000f316500000,0x000000f316600000)]
  0x00000235c750c800 JavaThread "Unconstrained build operations Thread 39" [_thread_blocked, id=9432, stack(0x000000f316600000,0x000000f316700000)]
  0x00000235cb5f3000 JavaThread "Unconstrained build operations Thread 40" [_thread_blocked, id=6044, stack(0x000000f316700000,0x000000f316800000)]
  0x00000235cb5f2800 JavaThread "build event listener" [_thread_blocked, id=14644, stack(0x000000f316b00000,0x000000f316c00000)]
  0x00000235cb5f9000 JavaThread "build event listener" [_thread_blocked, id=2288, stack(0x000000f316c00000,0x000000f316d00000)]
  0x00000235cb5f4800 JavaThread "Execution worker for ':'" [_thread_in_Java, id=13904, stack(0x000000f316d00000,0x000000f316e00000)]
  0x00000235cb5f4000 JavaThread "Execution worker for ':' Thread 2" [_thread_blocked, id=3876, stack(0x000000f316e00000,0x000000f316f00000)]
  0x00000235cb5f5800 JavaThread "Execution worker for ':' Thread 3" [_thread_blocked, id=9664, stack(0x000000f316f00000,0x000000f317000000)]
  0x00000235cb5f6800 JavaThread "Cache worker for execution history cache (C:\Users\CIPL1049\Colan Projects\ColanLMT\.gradle\7.2\executionHistory)" [_thread_blocked, id=5036, stack(0x000000f317000000,0x000000f317100000)]

Other Threads:
  0x00000235c3b5a800 VMThread "VM Thread" [stack: 0x000000f311700000,0x000000f311800000] [id=16500]
  0x00000235c3dc6000 WatcherThread [stack: 0x000000f312100000,0x000000f312200000] [id=8540]
  0x00000235a77c1800 GCTaskThread "GC Thread#0" [stack: 0x000000f311200000,0x000000f311300000] [id=11364]
  0x00000235c4a26800 GCTaskThread "GC Thread#1" [stack: 0x000000f312300000,0x000000f312400000] [id=3288]
  0x00000235c497f000 GCTaskThread "GC Thread#2" [stack: 0x000000f312400000,0x000000f312500000] [id=14980]
  0x00000235c465c800 GCTaskThread "GC Thread#3" [stack: 0x000000f312500000,0x000000f312600000] [id=5552]
  0x00000235a77f4800 ConcurrentGCThread "G1 Main Marker" [stack: 0x000000f311300000,0x000000f311400000] [id=8528]
  0x00000235a77f5800 ConcurrentGCThread "G1 Conc#0" [stack: 0x000000f311400000,0x000000f311500000] [id=14100]
  0x00000235c31a4000 ConcurrentGCThread "G1 Refine#0" [stack: 0x000000f311500000,0x000000f311600000] [id=16124]
  0x00000235c4f11800 ConcurrentGCThread "G1 Refine#1" [stack: 0x000000f316a00000,0x000000f316b00000] [id=14940]
  0x00000235c31a5000 ConcurrentGCThread "G1 Young RemSet Sampling" [stack: 0x000000f311600000,0x000000f311700000] [id=6864]

Threads with active compile tasks:
C2 CompilerThread05671674 22501       4       org.apache.xerces.impl.XMLEntityScanner::skipString (207 bytes)
C2 CompilerThread15671674 22425       4       org.gradle.api.internal.artifacts.ivyservice.resolveengine.graph.builder.DependencyGraphBuilder::resolveEdges (43 bytes)

VM state:not at safepoint (normal execution)

VM Mutex/Monitor currently owned by a thread: None

Heap address: 0x0000000080000000, size: 2048 MB, Compressed Oops mode: 32-bit
Narrow klass base: 0x0000000000000000, Narrow klass shift: 3
Compressed class space size: 1073741824 Address: 0x0000000100000000

Heap:
 garbage-first heap   total 315392K, used 224196K [0x0000000080000000, 0x0000000100000000)
  region size 1024K, 55 young (56320K), 9 survivors (9216K)
 Metaspace       used 139240K, capacity 143889K, committed 144236K, reserved 1175552K
  class space    used 17356K, capacity 19000K, committed 19096K, reserved 1048576K
Heap Regions: E=young(eden), S=young(survivor), O=old, HS=humongous(starts), HC=humongous(continues), CS=collection set, F=free, A=archive, TAMS=top-at-mark-start (previous, next)
|   0|0x0000000080000000, 0x0000000080100000, 0x0000000080100000|100%| O|  |TAMS 0x0000000080100000, 0x0000000080000000| Untracked 
|   1|0x0000000080100000, 0x0000000080200000, 0x0000000080200000|100%| O|  |TAMS 0x0000000080200000, 0x0000000080100000| Complete 
|   2|0x0000000080200000, 0x0000000080300000, 0x0000000080300000|100%| O|  |TAMS 0x0000000080300000, 0x0000000080200000| Complete 
|   3|0x0000000080300000, 0x0000000080400000, 0x0000000080400000|100%|HS|  |TAMS 0x0000000080400000, 0x0000000080300000| Complete 
|   4|0x0000000080400000, 0x0000000080500000, 0x0000000080500000|100%|HC|  |TAMS 0x0000000080500000, 0x0000000080400000| Complete 
|   5|0x0000000080500000, 0x0000000080600000, 0x0000000080600000|100%|HC|  |TAMS 0x0000000080600000, 0x0000000080500000| Complete 
|   6|0x0000000080600000, 0x0000000080700000, 0x0000000080700000|100%| O|  |TAMS 0x0000000080700000, 0x0000000080600000| Untracked 
|   7|0x0000000080700000, 0x0000000080800000, 0x0000000080800000|100%| O|  |TAMS 0x0000000080800000, 0x0000000080700000| Untracked 
|   8|0x0000000080800000, 0x0000000080900000, 0x0000000080900000|100%| O|  |TAMS 0x0000000080900000, 0x0000000080800000| Complete 
|   9|0x0000000080900000, 0x0000000080a00000, 0x0000000080a00000|100%| O|  |TAMS 0x0000000080a00000, 0x0000000080900000| Untracked 
|  10|0x0000000080a00000, 0x0000000080b00000, 0x0000000080b00000|100%| O|  |TAMS 0x0000000080b00000, 0x0000000080a00000| Complete 
|  11|0x0000000080b00000, 0x0000000080c00000, 0x0000000080c00000|100%| O|  |TAMS 0x0000000080c00000, 0x0000000080b00000| Untracked 
|  12|0x0000000080c00000, 0x0000000080d00000, 0x0000000080d00000|100%| O|  |TAMS 0x0000000080d00000, 0x0000000080c00000| Untracked 
|  13|0x0000000080d00000, 0x0000000080e00000, 0x0000000080e00000|100%| O|  |TAMS 0x0000000080e00000, 0x0000000080d00000| Complete 
|  14|0x0000000080e00000, 0x0000000080f00000, 0x0000000080f00000|100%|HS|  |TAMS 0x0000000080f00000, 0x0000000080e00000| Complete 
|  15|0x0000000080f00000, 0x0000000081000000, 0x0000000081000000|100%|HC|  |TAMS 0x0000000081000000, 0x0000000080f00000| Complete 
|  16|0x0000000081000000, 0x0000000081100000, 0x0000000081100000|100%|HS|  |TAMS 0x0000000081100000, 0x0000000081000000| Complete 
|  17|0x0000000081100000, 0x0000000081200000, 0x0000000081200000|100%|HC|  |TAMS 0x0000000081200000, 0x0000000081100000| Complete 
|  18|0x0000000081200000, 0x0000000081300000, 0x0000000081300000|100%|HC|  |TAMS 0x0000000081300000, 0x0000000081200000| Complete 
|  19|0x0000000081300000, 0x0000000081400000, 0x0000000081400000|100%|HS|  |TAMS 0x0000000081400000, 0x0000000081300000| Complete 
|  20|0x0000000081400000, 0x0000000081500000, 0x0000000081500000|100%|HC|  |TAMS 0x0000000081500000, 0x0000000081400000| Complete 
|  21|0x0000000081500000, 0x0000000081600000, 0x0000000081600000|100%|HC|  |TAMS 0x0000000081600000, 0x0000000081500000| Complete 
|  22|0x0000000081600000, 0x0000000081700000, 0x0000000081700000|100%|HC|  |TAMS 0x0000000081700000, 0x0000000081600000| Complete 
|  23|0x0000000081700000, 0x0000000081800000, 0x0000000081800000|100%| O|  |TAMS 0x0000000081800000, 0x0000000081700000| Untracked 
|  24|0x0000000081800000, 0x0000000081900000, 0x0000000081900000|100%|HS|  |TAMS 0x0000000081900000, 0x0000000081800000| Complete 
|  25|0x0000000081900000, 0x0000000081a00000, 0x0000000081a00000|100%|HC|  |TAMS 0x0000000081a00000, 0x0000000081900000| Complete 
|  26|0x0000000081a00000, 0x0000000081b00000, 0x0000000081b00000|100%|HC|  |TAMS 0x0000000081b00000, 0x0000000081a00000| Complete 
|  27|0x0000000081b00000, 0x0000000081c00000, 0x0000000081c00000|100%| O|  |TAMS 0x0000000081c00000, 0x0000000081b00000| Untracked 
|  28|0x0000000081c00000, 0x0000000081d00000, 0x0000000081d00000|100%| O|  |TAMS 0x0000000081d00000, 0x0000000081c00000| Untracked 
|  29|0x0000000081d00000, 0x0000000081e00000, 0x0000000081e00000|100%| O|  |TAMS 0x0000000081e00000, 0x0000000081d00000| Untracked 
|  30|0x0000000081e00000, 0x0000000081f00000, 0x0000000081f00000|100%| O|  |TAMS 0x0000000081f00000, 0x0000000081e00000| Untracked 
|  31|0x0000000081f00000, 0x0000000082000000, 0x0000000082000000|100%| O|  |TAMS 0x0000000082000000, 0x0000000081f00000| Complete 
|  32|0x0000000082000000, 0x0000000082100000, 0x0000000082100000|100%| O|  |TAMS 0x0000000082100000, 0x0000000082000000| Untracked 
|  33|0x0000000082100000, 0x0000000082200000, 0x0000000082200000|100%| O|  |TAMS 0x0000000082200000, 0x0000000082100000| Untracked 
|  34|0x0000000082200000, 0x0000000082300000, 0x0000000082300000|100%| O|  |TAMS 0x0000000082300000, 0x0000000082200000| Complete 
|  35|0x0000000082300000, 0x0000000082400000, 0x0000000082400000|100%| O|  |TAMS 0x0000000082400000, 0x0000000082300000| Complete 
|  36|0x0000000082400000, 0x0000000082500000, 0x0000000082500000|100%| O|  |TAMS 0x0000000082500000, 0x0000000082400000| Complete 
|  37|0x0000000082500000, 0x0000000082600000, 0x0000000082600000|100%| O|  |TAMS 0x0000000082600000, 0x0000000082500000| Complete 
|  38|0x0000000082600000, 0x0000000082700000, 0x0000000082700000|100%|HS|  |TAMS 0x0000000082700000, 0x0000000082600000| Complete 
|  39|0x0000000082700000, 0x0000000082800000, 0x0000000082800000|100%|HS|  |TAMS 0x0000000082800000, 0x0000000082700000| Complete 
|  40|0x0000000082800000, 0x0000000082900000, 0x0000000082900000|100%|HC|  |TAMS 0x0000000082900000, 0x0000000082800000| Complete 
|  41|0x0000000082900000, 0x0000000082a00000, 0x0000000082a00000|100%|HC|  |TAMS 0x0000000082a00000, 0x0000000082900000| Complete 
|  42|0x0000000082a00000, 0x0000000082b00000, 0x0000000082b00000|100%|HC|  |TAMS 0x0000000082b00000, 0x0000000082a00000| Complete 
|  43|0x0000000082b00000, 0x0000000082c00000, 0x0000000082c00000|100%| O|  |TAMS 0x0000000082c00000, 0x0000000082b00000| Untracked 
|  44|0x0000000082c00000, 0x0000000082d00000, 0x0000000082d00000|100%| O|  |TAMS 0x0000000082d00000, 0x0000000082c00000| Complete 
|  45|0x0000000082d00000, 0x0000000082e00000, 0x0000000082e00000|100%| O|  |TAMS 0x0000000082e00000, 0x0000000082d00000| Complete 
|  46|0x0000000082e00000, 0x0000000082f00000, 0x0000000082f00000|100%| O|  |TAMS 0x0000000082f00000, 0x0000000082e00000| Untracked 
|  47|0x0000000082f00000, 0x0000000083000000, 0x0000000083000000|100%| O|  |TAMS 0x0000000083000000, 0x0000000082f00000| Untracked 
|  48|0x0000000083000000, 0x0000000083100000, 0x0000000083100000|100%| O|  |TAMS 0x0000000083100000, 0x0000000083000000| Untracked 
|  49|0x0000000083100000, 0x0000000083200000, 0x0000000083200000|100%| O|  |TAMS 0x0000000083200000, 0x0000000083100000| Complete 
|  50|0x0000000083200000, 0x0000000083300000, 0x0000000083300000|100%|HS|  |TAMS 0x0000000083300000, 0x0000000083200000| Complete 
|  51|0x0000000083300000, 0x0000000083400000, 0x0000000083400000|100%|HS|  |TAMS 0x0000000083400000, 0x0000000083300000| Complete 
|  52|0x0000000083400000, 0x0000000083500000, 0x0000000083500000|100%|HS|  |TAMS 0x0000000083500000, 0x0000000083400000| Complete 
|  53|0x0000000083500000, 0x0000000083600000, 0x0000000083600000|100%|HS|  |TAMS 0x0000000083600000, 0x0000000083500000| Complete 
|  54|0x0000000083600000, 0x0000000083700000, 0x0000000083700000|100%|HC|  |TAMS 0x0000000083700000, 0x0000000083600000| Complete 
|  55|0x0000000083700000, 0x0000000083800000, 0x0000000083800000|100%|HC|  |TAMS 0x0000000083800000, 0x0000000083700000| Complete 
|  56|0x0000000083800000, 0x0000000083900000, 0x0000000083900000|100%|HS|  |TAMS 0x0000000083900000, 0x0000000083800000| Complete 
|  57|0x0000000083900000, 0x0000000083a00000, 0x0000000083a00000|100%|HC|  |TAMS 0x0000000083a00000, 0x0000000083900000| Complete 
|  58|0x0000000083a00000, 0x0000000083b00000, 0x0000000083b00000|100%| O|  |TAMS 0x0000000083b00000, 0x0000000083a00000| Untracked 
|  59|0x0000000083b00000, 0x0000000083c00000, 0x0000000083c00000|100%| O|  |TAMS 0x0000000083c00000, 0x0000000083b00000| Untracked 
|  60|0x0000000083c00000, 0x0000000083d00000, 0x0000000083d00000|100%| O|  |TAMS 0x0000000083d00000, 0x0000000083c00000| Untracked 
|  61|0x0000000083d00000, 0x0000000083e00000, 0x0000000083e00000|100%| O|  |TAMS 0x0000000083e00000, 0x0000000083d00000| Untracked 
|  62|0x0000000083e00000, 0x0000000083f00000, 0x0000000083f00000|100%| O|  |TAMS 0x0000000083f00000, 0x0000000083e00000| Complete 
|  63|0x0000000083f00000, 0x0000000084000000, 0x0000000084000000|100%| O|  |TAMS 0x0000000084000000, 0x0000000083f00000| Untracked 
|  64|0x0000000084000000, 0x0000000084100000, 0x0000000084100000|100%| O|  |TAMS 0x0000000084100000, 0x0000000084000000| Complete 
|  65|0x0000000084100000, 0x0000000084200000, 0x0000000084200000|100%| O|  |TAMS 0x0000000084200000, 0x0000000084100000| Complete 
|  66|0x0000000084200000, 0x0000000084300000, 0x0000000084300000|100%| O|  |TAMS 0x0000000084300000, 0x0000000084200000| Complete 
|  67|0x0000000084300000, 0x0000000084400000, 0x0000000084400000|100%| O|  |TAMS 0x0000000084400000, 0x0000000084300000| Untracked 
|  68|0x0000000084400000, 0x0000000084500000, 0x0000000084500000|100%| O|  |TAMS 0x0000000084500000, 0x0000000084400000| Complete 
|  69|0x0000000084500000, 0x0000000084600000, 0x0000000084600000|100%| O|  |TAMS 0x0000000084600000, 0x0000000084500000| Untracked 
|  70|0x0000000084600000, 0x0000000084700000, 0x0000000084700000|100%| O|  |TAMS 0x0000000084700000, 0x0000000084600000| Complete 
|  71|0x0000000084700000, 0x0000000084700000, 0x0000000084800000|  0%| F|  |TAMS 0x0000000084700000, 0x0000000084700000| Untracked 
|  72|0x0000000084800000, 0x0000000084900000, 0x0000000084900000|100%| O|  |TAMS 0x0000000084900000, 0x0000000084800000| Complete 
|  73|0x0000000084900000, 0x0000000084a00000, 0x0000000084a00000|100%|HS|  |TAMS 0x0000000084a00000, 0x0000000084900000| Complete 
|  74|0x0000000084a00000, 0x0000000084b00000, 0x0000000084b00000|100%|HC|  |TAMS 0x0000000084b00000, 0x0000000084a00000| Complete 
|  75|0x0000000084b00000, 0x0000000084c00000, 0x0000000084c00000|100%|HS|  |TAMS 0x0000000084c00000, 0x0000000084b00000| Complete 
|  76|0x0000000084c00000, 0x0000000084d00000, 0x0000000084d00000|100%|HC|  |TAMS 0x0000000084d00000, 0x0000000084c00000| Complete 
|  77|0x0000000084d00000, 0x0000000084e00000, 0x0000000084e00000|100%|HC|  |TAMS 0x0000000084e00000, 0x0000000084d00000| Complete 
|  78|0x0000000084e00000, 0x0000000084f00000, 0x0000000084f00000|100%|HS|  |TAMS 0x0000000084f00000, 0x0000000084e00000| Complete 
|  79|0x0000000084f00000, 0x0000000085000000, 0x0000000085000000|100%|HC|  |TAMS 0x0000000085000000, 0x0000000084f00000| Complete 
|  80|0x0000000085000000, 0x0000000085100000, 0x0000000085100000|100%|HC|  |TAMS 0x0000000085100000, 0x0000000085000000| Complete 
|  81|0x0000000085100000, 0x0000000085200000, 0x0000000085200000|100%|HC|  |TAMS 0x0000000085200000, 0x0000000085100000| Complete 
|  82|0x0000000085200000, 0x0000000085300000, 0x0000000085300000|100%| O|  |TAMS 0x0000000085300000, 0x0000000085200000| Untracked 
|  83|0x0000000085300000, 0x0000000085400000, 0x0000000085400000|100%| O|  |TAMS 0x0000000085400000, 0x0000000085300000| Untracked 
|  84|0x0000000085400000, 0x0000000085500000, 0x0000000085500000|100%| O|  |TAMS 0x0000000085500000, 0x0000000085400000| Untracked 
|  85|0x0000000085500000, 0x0000000085600000, 0x0000000085600000|100%| O|  |TAMS 0x0000000085600000, 0x0000000085500000| Untracked 
|  86|0x0000000085600000, 0x0000000085700000, 0x0000000085700000|100%| O|  |TAMS 0x0000000085700000, 0x0000000085600000| Untracked 
|  87|0x0000000085700000, 0x0000000085800000, 0x0000000085800000|100%| O|  |TAMS 0x0000000085800000, 0x0000000085700000| Complete 
|  88|0x0000000085800000, 0x0000000085900000, 0x0000000085900000|100%| O|  |TAMS 0x0000000085900000, 0x0000000085800000| Complete 
|  89|0x0000000085900000, 0x0000000085a00000, 0x0000000085a00000|100%| O|  |TAMS 0x0000000085a00000, 0x0000000085900000| Complete 
|  90|0x0000000085a00000, 0x0000000085b00000, 0x0000000085b00000|100%| O|  |TAMS 0x0000000085b00000, 0x0000000085a00000| Complete 
|  91|0x0000000085b00000, 0x0000000085c00000, 0x0000000085c00000|100%| O|  |TAMS 0x0000000085c00000, 0x0000000085b00000| Untracked 
|  92|0x0000000085c00000, 0x0000000085d00000, 0x0000000085d00000|100%| O|  |TAMS 0x0000000085d00000, 0x0000000085c00000| Untracked 
|  93|0x0000000085d00000, 0x0000000085d00000, 0x0000000085e00000|  0%| F|  |TAMS 0x0000000085d00000, 0x0000000085d00000| Untracked 
|  94|0x0000000085e00000, 0x0000000085f00000, 0x0000000085f00000|100%| O|  |TAMS 0x0000000085f00000, 0x0000000085e00000| Untracked 
|  95|0x0000000085f00000, 0x0000000086000000, 0x0000000086000000|100%| O|  |TAMS 0x0000000086000000, 0x0000000085f00000| Complete 
|  96|0x0000000086000000, 0x0000000086100000, 0x0000000086100000|100%|HS|  |TAMS 0x0000000086000000, 0x0000000086000000| Complete 
|  97|0x0000000086100000, 0x0000000086200000, 0x0000000086200000|100%|HC|  |TAMS 0x0000000086100000, 0x0000000086100000| Complete 
|  98|0x0000000086200000, 0x0000000086300000, 0x0000000086300000|100%| O|  |TAMS 0x0000000086300000, 0x0000000086200000| Complete 
|  99|0x0000000086300000, 0x0000000086400000, 0x0000000086400000|100%| O|  |TAMS 0x0000000086400000, 0x0000000086300000| Complete 
| 100|0x0000000086400000, 0x0000000086500000, 0x0000000086500000|100%| O|  |TAMS 0x0000000086500000, 0x0000000086400000| Complete 
| 101|0x0000000086500000, 0x0000000086600000, 0x0000000086600000|100%| O|  |TAMS 0x0000000086600000, 0x0000000086500000| Untracked 
| 102|0x0000000086600000, 0x0000000086700000, 0x0000000086700000|100%| O|  |TAMS 0x0000000086700000, 0x0000000086600000| Complete 
| 103|0x0000000086700000, 0x0000000086800000, 0x0000000086800000|100%| O|  |TAMS 0x0000000086800000, 0x0000000086700000| Complete 
| 104|0x0000000086800000, 0x0000000086900000, 0x0000000086900000|100%| O|  |TAMS 0x0000000086900000, 0x0000000086800000| Complete 
| 105|0x0000000086900000, 0x0000000086a00000, 0x0000000086a00000|100%| O|  |TAMS 0x0000000086a00000, 0x0000000086900000| Complete 
| 106|0x0000000086a00000, 0x0000000086b00000, 0x0000000086b00000|100%| O|  |TAMS 0x0000000086b00000, 0x0000000086a00000| Complete 
| 107|0x0000000086b00000, 0x0000000086c00000, 0x0000000086c00000|100%| O|  |TAMS 0x0000000086c00000, 0x0000000086b00000| Untracked 
| 108|0x0000000086c00000, 0x0000000086d00000, 0x0000000086d00000|100%| O|  |TAMS 0x0000000086d00000, 0x0000000086c00000| Complete 
| 109|0x0000000086d00000, 0x0000000086e00000, 0x0000000086e00000|100%| O|  |TAMS 0x0000000086e00000, 0x0000000086d00000| Complete 
| 110|0x0000000086e00000, 0x0000000086f00000, 0x0000000086f00000|100%| O|  |TAMS 0x0000000086f00000, 0x0000000086e00000| Complete 
| 111|0x0000000086f00000, 0x0000000087000000, 0x0000000087000000|100%| O|  |TAMS 0x0000000087000000, 0x0000000086f00000| Complete 
| 112|0x0000000087000000, 0x0000000087100000, 0x0000000087100000|100%| O|  |TAMS 0x0000000087100000, 0x0000000087000000| Complete 
| 113|0x0000000087100000, 0x0000000087200000, 0x0000000087200000|100%| O|  |TAMS 0x0000000087200000, 0x0000000087100000| Complete 
| 114|0x0000000087200000, 0x0000000087300000, 0x0000000087300000|100%| O|  |TAMS 0x0000000087300000, 0x0000000087200000| Complete 
| 115|0x0000000087300000, 0x0000000087400000, 0x0000000087400000|100%| O|  |TAMS 0x0000000087400000, 0x0000000087300000| Complete 
| 116|0x0000000087400000, 0x0000000087500000, 0x0000000087500000|100%| O|  |TAMS 0x0000000087500000, 0x0000000087400000| Untracked 
| 117|0x0000000087500000, 0x0000000087600000, 0x0000000087600000|100%| O|  |TAMS 0x0000000087600000, 0x0000000087500000| Untracked 
| 118|0x0000000087600000, 0x0000000087700000, 0x0000000087700000|100%| O|  |TAMS 0x0000000087700000, 0x0000000087600000| Complete 
| 119|0x0000000087700000, 0x0000000087800000, 0x0000000087800000|100%| O|  |TAMS 0x0000000087800000, 0x0000000087700000| Complete 
| 120|0x0000000087800000, 0x0000000087900000, 0x0000000087900000|100%| O|  |TAMS 0x0000000087900000, 0x0000000087800000| Untracked 
| 121|0x0000000087900000, 0x0000000087900000, 0x0000000087a00000|  0%| F|  |TAMS 0x0000000087900000, 0x0000000087900000| Untracked 
| 122|0x0000000087a00000, 0x0000000087b00000, 0x0000000087b00000|100%| O|  |TAMS 0x0000000087b00000, 0x0000000087a00000| Untracked 
| 123|0x0000000087b00000, 0x0000000087b00000, 0x0000000087c00000|  0%| F|  |TAMS 0x0000000087b00000, 0x0000000087b00000| Untracked 
| 124|0x0000000087c00000, 0x0000000087d00000, 0x0000000087d00000|100%| O|  |TAMS 0x0000000087d00000, 0x0000000087c00000| Complete 
| 125|0x0000000087d00000, 0x0000000087d00000, 0x0000000087e00000|  0%| F|  |TAMS 0x0000000087d00000, 0x0000000087d00000| Untracked 
| 126|0x0000000087e00000, 0x0000000087e00000, 0x0000000087f00000|  0%| F|  |TAMS 0x0000000087e00000, 0x0000000087e00000| Untracked 
| 127|0x0000000087f00000, 0x0000000087f00000, 0x0000000088000000|  0%| F|  |TAMS 0x0000000087f00000, 0x0000000087f00000| Untracked 
| 128|0x0000000088000000, 0x0000000088100000, 0x0000000088100000|100%| O|  |TAMS 0x0000000088100000, 0x0000000088000000| Complete 
| 129|0x0000000088100000, 0x0000000088100000, 0x0000000088200000|  0%| F|  |TAMS 0x0000000088100000, 0x0000000088100000| Untracked 
| 130|0x0000000088200000, 0x0000000088300000, 0x0000000088300000|100%| O|  |TAMS 0x0000000088300000, 0x0000000088200000| Complete 
| 131|0x0000000088300000, 0x0000000088400000, 0x0000000088400000|100%| O|  |TAMS 0x0000000088400000, 0x0000000088300000| Untracked 
| 132|0x0000000088400000, 0x0000000088500000, 0x0000000088500000|100%| O|  |TAMS 0x0000000088500000, 0x0000000088400000| Complete 
| 133|0x0000000088500000, 0x0000000088600000, 0x0000000088600000|100%| O|  |TAMS 0x0000000088600000, 0x0000000088500000| Complete 
| 134|0x0000000088600000, 0x0000000088600000, 0x0000000088700000|  0%| F|  |TAMS 0x0000000088600000, 0x0000000088600000| Untracked 
| 135|0x0000000088700000, 0x0000000088800000, 0x0000000088800000|100%| O|  |TAMS 0x0000000088800000, 0x0000000088700000| Complete 
| 136|0x0000000088800000, 0x0000000088800000, 0x0000000088900000|  0%| F|  |TAMS 0x0000000088800000, 0x0000000088800000| Untracked 
| 137|0x0000000088900000, 0x0000000088a00000, 0x0000000088a00000|100%| O|  |TAMS 0x0000000088a00000, 0x0000000088900000| Complete 
| 138|0x0000000088a00000, 0x0000000088b00000, 0x0000000088b00000|100%| O|  |TAMS 0x0000000088b00000, 0x0000000088a00000| Complete 
| 139|0x0000000088b00000, 0x0000000088b00000, 0x0000000088c00000|  0%| F|  |TAMS 0x0000000088b00000, 0x0000000088b00000| Untracked 
| 140|0x0000000088c00000, 0x0000000088d00000, 0x0000000088d00000|100%| O|  |TAMS 0x0000000088d00000, 0x0000000088c00000| Complete 
| 141|0x0000000088d00000, 0x0000000088e00000, 0x0000000088e00000|100%| O|  |TAMS 0x0000000088e00000, 0x0000000088d00000| Complete 
| 142|0x0000000088e00000, 0x0000000088e00000, 0x0000000088f00000|  0%| F|  |TAMS 0x0000000088e00000, 0x0000000088e00000| Untracked 
| 143|0x0000000088f00000, 0x0000000089000000, 0x0000000089000000|100%| O|  |TAMS 0x0000000089000000, 0x0000000088f00000| Complete 
| 144|0x0000000089000000, 0x0000000089000000, 0x0000000089100000|  0%| F|  |TAMS 0x0000000089000000, 0x0000000089000000| Untracked 
| 145|0x0000000089100000, 0x0000000089200000, 0x0000000089200000|100%| O|  |TAMS 0x0000000089200000, 0x0000000089100000| Complete 
| 146|0x0000000089200000, 0x0000000089300000, 0x0000000089300000|100%| O|  |TAMS 0x0000000089300000, 0x0000000089200000| Complete 
| 147|0x0000000089300000, 0x0000000089400000, 0x0000000089400000|100%| O|  |TAMS 0x0000000089400000, 0x0000000089300000| Untracked 
| 148|0x0000000089400000, 0x0000000089500000, 0x0000000089500000|100%| O|  |TAMS 0x0000000089500000, 0x0000000089400000| Untracked 
| 149|0x0000000089500000, 0x0000000089600000, 0x0000000089600000|100%| O|  |TAMS 0x0000000089600000, 0x0000000089500000| Untracked 
| 150|0x0000000089600000, 0x0000000089700000, 0x0000000089700000|100%| O|  |TAMS 0x0000000089700000, 0x0000000089600000| Untracked 
| 151|0x0000000089700000, 0x0000000089800000, 0x0000000089800000|100%| O|  |TAMS 0x0000000089800000, 0x0000000089700000| Untracked 
| 152|0x0000000089800000, 0x0000000089900000, 0x0000000089900000|100%| O|  |TAMS 0x0000000089900000, 0x0000000089800000| Complete 
| 153|0x0000000089900000, 0x0000000089a00000, 0x0000000089a00000|100%| O|  |TAMS 0x0000000089a00000, 0x0000000089900000| Untracked 
| 154|0x0000000089a00000, 0x0000000089b00000, 0x0000000089b00000|100%| O|  |TAMS 0x0000000089b00000, 0x0000000089a00000| Untracked 
| 155|0x0000000089b00000, 0x0000000089c00000, 0x0000000089c00000|100%| O|  |TAMS 0x0000000089c00000, 0x0000000089b00000| Untracked 
| 156|0x0000000089c00000, 0x0000000089d00000, 0x0000000089d00000|100%| O|  |TAMS 0x0000000089d00000, 0x0000000089c00000| Untracked 
| 157|0x0000000089d00000, 0x0000000089d00000, 0x0000000089e00000|  0%| F|  |TAMS 0x0000000089d00000, 0x0000000089d00000| Untracked 
| 158|0x0000000089e00000, 0x0000000089f00000, 0x0000000089f00000|100%| O|  |TAMS 0x0000000089f00000, 0x0000000089e00000| Untracked 
| 159|0x0000000089f00000, 0x000000008a000000, 0x000000008a000000|100%| O|  |TAMS 0x000000008a000000, 0x0000000089f00000| Untracked 
| 160|0x000000008a000000, 0x000000008a100000, 0x000000008a100000|100%| O|  |TAMS 0x000000008a100000, 0x000000008a000000| Complete 
| 161|0x000000008a100000, 0x000000008a200000, 0x000000008a200000|100%| O|  |TAMS 0x000000008a200000, 0x000000008a100000| Complete 
| 162|0x000000008a200000, 0x000000008a300000, 0x000000008a300000|100%| O|  |TAMS 0x000000008a300000, 0x000000008a200000| Complete 
| 163|0x000000008a300000, 0x000000008a400000, 0x000000008a400000|100%| O|  |TAMS 0x000000008a400000, 0x000000008a300000| Complete 
| 164|0x000000008a400000, 0x000000008a500000, 0x000000008a500000|100%| O|  |TAMS 0x000000008a500000, 0x000000008a400000| Complete 
| 165|0x000000008a500000, 0x000000008a600000, 0x000000008a600000|100%| O|  |TAMS 0x000000008a600000, 0x000000008a500000| Complete 
| 166|0x000000008a600000, 0x000000008a700000, 0x000000008a700000|100%| O|  |TAMS 0x000000008a700000, 0x000000008a600000| Complete 
| 167|0x000000008a700000, 0x000000008a800000, 0x000000008a800000|100%| O|  |TAMS 0x000000008a800000, 0x000000008a700000| Complete 
| 168|0x000000008a800000, 0x000000008a900000, 0x000000008a900000|100%| O|  |TAMS 0x000000008a900000, 0x000000008a800000| Complete 
| 169|0x000000008a900000, 0x000000008aa00000, 0x000000008aa00000|100%| O|  |TAMS 0x000000008aa00000, 0x000000008a900000| Complete 
| 170|0x000000008aa00000, 0x000000008aa00000, 0x000000008ab00000|  0%| F|  |TAMS 0x000000008aa00000, 0x000000008aa00000| Untracked 
| 171|0x000000008ab00000, 0x000000008ab00000, 0x000000008ac00000|  0%| F|  |TAMS 0x000000008ab00000, 0x000000008ab00000| Untracked 
| 172|0x000000008ac00000, 0x000000008ad00000, 0x000000008ad00000|100%| O|  |TAMS 0x000000008ad00000, 0x000000008ac00000| Complete 
| 173|0x000000008ad00000, 0x000000008ae00000, 0x000000008ae00000|100%| O|  |TAMS 0x000000008ae00000, 0x000000008ad00000| Complete 
| 174|0x000000008ae00000, 0x000000008af00000, 0x000000008af00000|100%| O|  |TAMS 0x000000008af00000, 0x000000008ae00000| Untracked 
| 175|0x000000008af00000, 0x000000008b000000, 0x000000008b000000|100%| O|  |TAMS 0x000000008b000000, 0x000000008af00000| Untracked 
| 176|0x000000008b000000, 0x000000008b100000, 0x000000008b100000|100%| O|  |TAMS 0x000000008b100000, 0x000000008b000000| Untracked 
| 177|0x000000008b100000, 0x000000008b200000, 0x000000008b200000|100%| O|  |TAMS 0x000000008b200000, 0x000000008b100000| Complete 
| 178|0x000000008b200000, 0x000000008b300000, 0x000000008b300000|100%| O|  |TAMS 0x000000008b300000, 0x000000008b200000| Untracked 
| 179|0x000000008b300000, 0x000000008b400000, 0x000000008b400000|100%| O|  |TAMS 0x000000008b400000, 0x000000008b300000| Untracked 
| 180|0x000000008b400000, 0x000000008b500000, 0x000000008b500000|100%| O|  |TAMS 0x000000008b500000, 0x000000008b400000| Untracked 
| 181|0x000000008b500000, 0x000000008b600000, 0x000000008b600000|100%| O|  |TAMS 0x000000008b600000, 0x000000008b500000| Complete 
| 182|0x000000008b600000, 0x000000008b600000, 0x000000008b700000|  0%| F|  |TAMS 0x000000008b600000, 0x000000008b600000| Untracked 
| 183|0x000000008b700000, 0x000000008b700000, 0x000000008b800000|  0%| F|  |TAMS 0x000000008b700000, 0x000000008b700000| Untracked 
| 184|0x000000008b800000, 0x000000008b800000, 0x000000008b900000|  0%| F|  |TAMS 0x000000008b800000, 0x000000008b800000| Untracked 
| 185|0x000000008b900000, 0x000000008b900000, 0x000000008ba00000|  0%| F|  |TAMS 0x000000008b900000, 0x000000008b900000| Untracked 
| 186|0x000000008ba00000, 0x000000008ba00000, 0x000000008bb00000|  0%| F|  |TAMS 0x000000008ba00000, 0x000000008ba00000| Untracked 
| 187|0x000000008bb00000, 0x000000008bb00000, 0x000000008bc00000|  0%| F|  |TAMS 0x000000008bb00000, 0x000000008bb00000| Untracked 
| 188|0x000000008bc00000, 0x000000008bc00000, 0x000000008bd00000|  0%| F|  |TAMS 0x000000008bc00000, 0x000000008bc00000| Untracked 
| 189|0x000000008bd00000, 0x000000008bd00000, 0x000000008be00000|  0%| F|  |TAMS 0x000000008bd00000, 0x000000008bd00000| Untracked 
| 190|0x000000008be00000, 0x000000008be00000, 0x000000008bf00000|  0%| F|  |TAMS 0x000000008be00000, 0x000000008be00000| Untracked 
| 191|0x000000008bf00000, 0x000000008bf00000, 0x000000008c000000|  0%| F|  |TAMS 0x000000008bf00000, 0x000000008bf00000| Untracked 
| 192|0x000000008c000000, 0x000000008c000000, 0x000000008c100000|  0%| F|  |TAMS 0x000000008c000000, 0x000000008c000000| Untracked 
| 193|0x000000008c100000, 0x000000008c100000, 0x000000008c200000|  0%| F|  |TAMS 0x000000008c100000, 0x000000008c100000| Untracked 
| 194|0x000000008c200000, 0x000000008c200000, 0x000000008c300000|  0%| F|  |TAMS 0x000000008c200000, 0x000000008c200000| Untracked 
| 195|0x000000008c300000, 0x000000008c300000, 0x000000008c400000|  0%| F|  |TAMS 0x000000008c300000, 0x000000008c300000| Untracked 
| 196|0x000000008c400000, 0x000000008c400000, 0x000000008c500000|  0%| F|  |TAMS 0x000000008c400000, 0x000000008c400000| Untracked 
| 197|0x000000008c500000, 0x000000008c500000, 0x000000008c600000|  0%| F|  |TAMS 0x000000008c500000, 0x000000008c500000| Untracked 
| 198|0x000000008c600000, 0x000000008c600000, 0x000000008c700000|  0%| F|  |TAMS 0x000000008c600000, 0x000000008c600000| Untracked 
| 199|0x000000008c700000, 0x000000008c700000, 0x000000008c800000|  0%| F|  |TAMS 0x000000008c700000, 0x000000008c700000| Untracked 
| 200|0x000000008c800000, 0x000000008c800000, 0x000000008c900000|  0%| F|  |TAMS 0x000000008c800000, 0x000000008c800000| Untracked 
| 201|0x000000008c900000, 0x000000008c900000, 0x000000008ca00000|  0%| F|  |TAMS 0x000000008c900000, 0x000000008c900000| Untracked 
| 202|0x000000008ca00000, 0x000000008ca00000, 0x000000008cb00000|  0%| F|  |TAMS 0x000000008ca00000, 0x000000008ca00000| Untracked 
| 203|0x000000008cb00000, 0x000000008cb00000, 0x000000008cc00000|  0%| F|  |TAMS 0x000000008cb00000, 0x000000008cb00000| Untracked 
| 204|0x000000008cc00000, 0x000000008cc00000, 0x000000008cd00000|  0%| F|  |TAMS 0x000000008cc00000, 0x000000008cc00000| Untracked 
| 205|0x000000008cd00000, 0x000000008cd00000, 0x000000008ce00000|  0%| F|  |TAMS 0x000000008cd00000, 0x000000008cd00000| Untracked 
| 206|0x000000008ce00000, 0x000000008ce00000, 0x000000008cf00000|  0%| F|  |TAMS 0x000000008ce00000, 0x000000008ce00000| Untracked 
| 207|0x000000008cf00000, 0x000000008cf00000, 0x000000008d000000|  0%| F|  |TAMS 0x000000008cf00000, 0x000000008cf00000| Untracked 
| 208|0x000000008d000000, 0x000000008d0f1398, 0x000000008d100000| 94%| S|CS|TAMS 0x000000008d000000, 0x000000008d000000| Complete 
| 209|0x000000008d100000, 0x000000008d200000, 0x000000008d200000|100%| S|CS|TAMS 0x000000008d100000, 0x000000008d100000| Complete 
| 210|0x000000008d200000, 0x000000008d300000, 0x000000008d300000|100%| S|CS|TAMS 0x000000008d200000, 0x000000008d200000| Complete 
| 211|0x000000008d300000, 0x000000008d400000, 0x000000008d400000|100%| S|CS|TAMS 0x000000008d300000, 0x000000008d300000| Complete 
| 212|0x000000008d400000, 0x000000008d500000, 0x000000008d500000|100%| S|CS|TAMS 0x000000008d400000, 0x000000008d400000| Complete 
| 213|0x000000008d500000, 0x000000008d600000, 0x000000008d600000|100%| S|CS|TAMS 0x000000008d500000, 0x000000008d500000| Complete 
| 214|0x000000008d600000, 0x000000008d700000, 0x000000008d700000|100%| S|CS|TAMS 0x000000008d600000, 0x000000008d600000| Complete 
| 215|0x000000008d700000, 0x000000008d800000, 0x000000008d800000|100%| S|CS|TAMS 0x000000008d700000, 0x000000008d700000| Complete 
| 216|0x000000008d800000, 0x000000008d900000, 0x000000008d900000|100%| S|CS|TAMS 0x000000008d800000, 0x000000008d800000| Complete 
| 217|0x000000008d900000, 0x000000008d900000, 0x000000008da00000|  0%| F|  |TAMS 0x000000008d900000, 0x000000008d900000| Untracked 
| 218|0x000000008da00000, 0x000000008da00000, 0x000000008db00000|  0%| F|  |TAMS 0x000000008da00000, 0x000000008da00000| Untracked 
| 219|0x000000008db00000, 0x000000008db00000, 0x000000008dc00000|  0%| F|  |TAMS 0x000000008db00000, 0x000000008db00000| Untracked 
| 220|0x000000008dc00000, 0x000000008dc00000, 0x000000008dd00000|  0%| F|  |TAMS 0x000000008dc00000, 0x000000008dc00000| Untracked 
| 221|0x000000008dd00000, 0x000000008dd00000, 0x000000008de00000|  0%| F|  |TAMS 0x000000008dd00000, 0x000000008dd00000| Untracked 
| 222|0x000000008de00000, 0x000000008de00000, 0x000000008df00000|  0%| F|  |TAMS 0x000000008de00000, 0x000000008de00000| Untracked 
| 223|0x000000008df00000, 0x000000008df00000, 0x000000008e000000|  0%| F|  |TAMS 0x000000008df00000, 0x000000008df00000| Untracked 
| 224|0x000000008e000000, 0x000000008e000000, 0x000000008e100000|  0%| F|  |TAMS 0x000000008e000000, 0x000000008e000000| Untracked 
| 225|0x000000008e100000, 0x000000008e100000, 0x000000008e200000|  0%| F|  |TAMS 0x000000008e100000, 0x000000008e100000| Untracked 
| 226|0x000000008e200000, 0x000000008e200000, 0x000000008e300000|  0%| F|  |TAMS 0x000000008e200000, 0x000000008e200000| Untracked 
| 227|0x000000008e300000, 0x000000008e300000, 0x000000008e400000|  0%| F|  |TAMS 0x000000008e300000, 0x000000008e300000| Untracked 
| 228|0x000000008e400000, 0x000000008e400000, 0x000000008e500000|  0%| F|  |TAMS 0x000000008e400000, 0x000000008e400000| Untracked 
| 229|0x000000008e500000, 0x000000008e500000, 0x000000008e600000|  0%| F|  |TAMS 0x000000008e500000, 0x000000008e500000| Untracked 
| 230|0x000000008e600000, 0x000000008e600000, 0x000000008e700000|  0%| F|  |TAMS 0x000000008e600000, 0x000000008e600000| Untracked 
| 231|0x000000008e700000, 0x000000008e700000, 0x000000008e800000|  0%| F|  |TAMS 0x000000008e700000, 0x000000008e700000| Untracked 
| 232|0x000000008e800000, 0x000000008e800000, 0x000000008e900000|  0%| F|  |TAMS 0x000000008e800000, 0x000000008e800000| Untracked 
| 233|0x000000008e900000, 0x000000008e900000, 0x000000008ea00000|  0%| F|  |TAMS 0x000000008e900000, 0x000000008e900000| Untracked 
| 234|0x000000008ea00000, 0x000000008ea00000, 0x000000008eb00000|  0%| F|  |TAMS 0x000000008ea00000, 0x000000008ea00000| Untracked 
| 235|0x000000008eb00000, 0x000000008eb00000, 0x000000008ec00000|  0%| F|  |TAMS 0x000000008eb00000, 0x000000008eb00000| Untracked 
| 236|0x000000008ec00000, 0x000000008ec00000, 0x000000008ed00000|  0%| F|  |TAMS 0x000000008ec00000, 0x000000008ec00000| Untracked 
| 237|0x000000008ed00000, 0x000000008ed00000, 0x000000008ee00000|  0%| F|  |TAMS 0x000000008ed00000, 0x000000008ed00000| Untracked 
| 238|0x000000008ee00000, 0x000000008ee00000, 0x000000008ef00000|  0%| F|  |TAMS 0x000000008ee00000, 0x000000008ee00000| Untracked 
| 239|0x000000008ef00000, 0x000000008ef00000, 0x000000008f000000|  0%| F|  |TAMS 0x000000008ef00000, 0x000000008ef00000| Untracked 
| 240|0x000000008f000000, 0x000000008f000000, 0x000000008f100000|  0%| F|  |TAMS 0x000000008f000000, 0x000000008f000000| Untracked 
| 241|0x000000008f100000, 0x000000008f100000, 0x000000008f200000|  0%| F|  |TAMS 0x000000008f100000, 0x000000008f100000| Untracked 
| 242|0x000000008f200000, 0x000000008f200000, 0x000000008f300000|  0%| F|  |TAMS 0x000000008f200000, 0x000000008f200000| Untracked 
| 243|0x000000008f300000, 0x000000008f300000, 0x000000008f400000|  0%| F|  |TAMS 0x000000008f300000, 0x000000008f300000| Untracked 
| 244|0x000000008f400000, 0x000000008f400000, 0x000000008f500000|  0%| F|  |TAMS 0x000000008f400000, 0x000000008f400000| Untracked 
| 245|0x000000008f500000, 0x000000008f500000, 0x000000008f600000|  0%| F|  |TAMS 0x000000008f500000, 0x000000008f500000| Untracked 
| 246|0x000000008f600000, 0x000000008f600000, 0x000000008f700000|  0%| F|  |TAMS 0x000000008f600000, 0x000000008f600000| Untracked 
| 247|0x000000008f700000, 0x000000008f700000, 0x000000008f800000|  0%| F|  |TAMS 0x000000008f700000, 0x000000008f700000| Untracked 
| 248|0x000000008f800000, 0x000000008f800000, 0x000000008f900000|  0%| F|  |TAMS 0x000000008f800000, 0x000000008f800000| Untracked 
| 249|0x000000008f900000, 0x000000008f900000, 0x000000008fa00000|  0%| F|  |TAMS 0x000000008f900000, 0x000000008f900000| Untracked 
| 250|0x000000008fa00000, 0x000000008fa00000, 0x000000008fb00000|  0%| F|  |TAMS 0x000000008fa00000, 0x000000008fa00000| Untracked 
| 251|0x000000008fb00000, 0x000000008fb00000, 0x000000008fc00000|  0%| F|  |TAMS 0x000000008fb00000, 0x000000008fb00000| Untracked 
| 252|0x000000008fc00000, 0x000000008fc00000, 0x000000008fd00000|  0%| F|  |TAMS 0x000000008fc00000, 0x000000008fc00000| Untracked 
| 253|0x000000008fd00000, 0x000000008fd00000, 0x000000008fe00000|  0%| F|  |TAMS 0x000000008fd00000, 0x000000008fd00000| Untracked 
| 254|0x000000008fe00000, 0x000000008fe00000, 0x000000008ff00000|  0%| F|  |TAMS 0x000000008fe00000, 0x000000008fe00000| Untracked 
| 255|0x000000008ff00000, 0x000000008ff00000, 0x0000000090000000|  0%| F|  |TAMS 0x000000008ff00000, 0x000000008ff00000| Untracked 
| 256|0x0000000090000000, 0x0000000090000000, 0x0000000090100000|  0%| F|  |TAMS 0x0000000090000000, 0x0000000090000000| Untracked 
| 257|0x0000000090100000, 0x0000000090100000, 0x0000000090200000|  0%| F|  |TAMS 0x0000000090100000, 0x0000000090100000| Untracked 
| 258|0x0000000090200000, 0x0000000090200000, 0x0000000090300000|  0%| F|  |TAMS 0x0000000090200000, 0x0000000090200000| Untracked 
| 259|0x0000000090300000, 0x000000009030a4a8, 0x0000000090400000|  4%| E|  |TAMS 0x0000000090300000, 0x0000000090300000| Complete 
| 260|0x0000000090400000, 0x0000000090500000, 0x0000000090500000|100%| E|CS|TAMS 0x0000000090400000, 0x0000000090400000| Complete 
| 261|0x0000000090500000, 0x0000000090600000, 0x0000000090600000|100%| E|CS|TAMS 0x0000000090500000, 0x0000000090500000| Complete 
| 262|0x0000000090600000, 0x0000000090700000, 0x0000000090700000|100%| E|CS|TAMS 0x0000000090600000, 0x0000000090600000| Complete 
| 263|0x0000000090700000, 0x0000000090800000, 0x0000000090800000|100%| E|CS|TAMS 0x0000000090700000, 0x0000000090700000| Complete 
| 264|0x0000000090800000, 0x0000000090900000, 0x0000000090900000|100%| E|CS|TAMS 0x0000000090800000, 0x0000000090800000| Complete 
| 265|0x0000000090900000, 0x0000000090a00000, 0x0000000090a00000|100%| E|CS|TAMS 0x0000000090900000, 0x0000000090900000| Complete 
| 266|0x0000000090a00000, 0x0000000090b00000, 0x0000000090b00000|100%| E|CS|TAMS 0x0000000090a00000, 0x0000000090a00000| Complete 
| 267|0x0000000090b00000, 0x0000000090c00000, 0x0000000090c00000|100%| E|CS|TAMS 0x0000000090b00000, 0x0000000090b00000| Complete 
| 268|0x0000000090c00000, 0x0000000090d00000, 0x0000000090d00000|100%| E|CS|TAMS 0x0000000090c00000, 0x0000000090c00000| Complete 
| 269|0x0000000090d00000, 0x0000000090e00000, 0x0000000090e00000|100%| E|CS|TAMS 0x0000000090d00000, 0x0000000090d00000| Complete 
| 270|0x0000000090e00000, 0x0000000090f00000, 0x0000000090f00000|100%| E|CS|TAMS 0x0000000090e00000, 0x0000000090e00000| Complete 
| 271|0x0000000090f00000, 0x0000000091000000, 0x0000000091000000|100%| E|  |TAMS 0x0000000090f00000, 0x0000000090f00000| Complete 
| 272|0x0000000091000000, 0x0000000091100000, 0x0000000091100000|100%| E|CS|TAMS 0x0000000091000000, 0x0000000091000000| Complete 
| 273|0x0000000091100000, 0x0000000091200000, 0x0000000091200000|100%| E|CS|TAMS 0x0000000091100000, 0x0000000091100000| Complete 
| 274|0x0000000091200000, 0x0000000091300000, 0x0000000091300000|100%| E|CS|TAMS 0x0000000091200000, 0x0000000091200000| Complete 
| 275|0x0000000091300000, 0x0000000091400000, 0x0000000091400000|100%| E|CS|TAMS 0x0000000091300000, 0x0000000091300000| Complete 
| 276|0x0000000091400000, 0x0000000091500000, 0x0000000091500000|100%| E|CS|TAMS 0x0000000091400000, 0x0000000091400000| Complete 
| 277|0x0000000091500000, 0x0000000091600000, 0x0000000091600000|100%| E|CS|TAMS 0x0000000091500000, 0x0000000091500000| Complete 
| 278|0x0000000091600000, 0x0000000091700000, 0x0000000091700000|100%| E|CS|TAMS 0x0000000091600000, 0x0000000091600000| Complete 
| 279|0x0000000091700000, 0x0000000091800000, 0x0000000091800000|100%| E|CS|TAMS 0x0000000091700000, 0x0000000091700000| Complete 
| 280|0x0000000091800000, 0x0000000091900000, 0x0000000091900000|100%| E|CS|TAMS 0x0000000091800000, 0x0000000091800000| Complete 
| 281|0x0000000091900000, 0x0000000091a00000, 0x0000000091a00000|100%| E|CS|TAMS 0x0000000091900000, 0x0000000091900000| Complete 
| 282|0x0000000091a00000, 0x0000000091b00000, 0x0000000091b00000|100%| E|CS|TAMS 0x0000000091a00000, 0x0000000091a00000| Complete 
| 283|0x0000000091b00000, 0x0000000091c00000, 0x0000000091c00000|100%| E|CS|TAMS 0x0000000091b00000, 0x0000000091b00000| Complete 
| 284|0x0000000091c00000, 0x0000000091d00000, 0x0000000091d00000|100%| E|CS|TAMS 0x0000000091c00000, 0x0000000091c00000| Complete 
| 285|0x0000000091d00000, 0x0000000091e00000, 0x0000000091e00000|100%| E|CS|TAMS 0x0000000091d00000, 0x0000000091d00000| Complete 
| 286|0x0000000091e00000, 0x0000000091f00000, 0x0000000091f00000|100%| E|CS|TAMS 0x0000000091e00000, 0x0000000091e00000| Complete 
| 287|0x0000000091f00000, 0x0000000092000000, 0x0000000092000000|100%| E|CS|TAMS 0x0000000091f00000, 0x0000000091f00000| Complete 
| 288|0x0000000092000000, 0x0000000092100000, 0x0000000092100000|100%| E|CS|TAMS 0x0000000092000000, 0x0000000092000000| Complete 
| 289|0x0000000092100000, 0x0000000092200000, 0x0000000092200000|100%| E|CS|TAMS 0x0000000092100000, 0x0000000092100000| Complete 
| 290|0x0000000092200000, 0x0000000092300000, 0x0000000092300000|100%| E|CS|TAMS 0x0000000092200000, 0x0000000092200000| Complete 
| 291|0x0000000092300000, 0x0000000092400000, 0x0000000092400000|100%| E|CS|TAMS 0x0000000092300000, 0x0000000092300000| Complete 
| 292|0x0000000092400000, 0x0000000092500000, 0x0000000092500000|100%| E|CS|TAMS 0x0000000092400000, 0x0000000092400000| Complete 
| 293|0x0000000092500000, 0x0000000092600000, 0x0000000092600000|100%| E|CS|TAMS 0x0000000092500000, 0x0000000092500000| Complete 
| 294|0x0000000092600000, 0x0000000092700000, 0x0000000092700000|100%| E|CS|TAMS 0x0000000092600000, 0x0000000092600000| Complete 
| 295|0x0000000092700000, 0x0000000092800000, 0x0000000092800000|100%| E|CS|TAMS 0x0000000092700000, 0x0000000092700000| Complete 
| 296|0x0000000092800000, 0x0000000092900000, 0x0000000092900000|100%| E|CS|TAMS 0x0000000092800000, 0x0000000092800000| Complete 
| 297|0x0000000092900000, 0x0000000092a00000, 0x0000000092a00000|100%| E|CS|TAMS 0x0000000092900000, 0x0000000092900000| Complete 
| 298|0x0000000092a00000, 0x0000000092b00000, 0x0000000092b00000|100%| E|CS|TAMS 0x0000000092a00000, 0x0000000092a00000| Complete 
| 299|0x0000000092b00000, 0x0000000092c00000, 0x0000000092c00000|100%| E|CS|TAMS 0x0000000092b00000, 0x0000000092b00000| Complete 
| 300|0x0000000092c00000, 0x0000000092d00000, 0x0000000092d00000|100%| E|CS|TAMS 0x0000000092c00000, 0x0000000092c00000| Complete 
| 301|0x0000000092d00000, 0x0000000092e00000, 0x0000000092e00000|100%| E|CS|TAMS 0x0000000092d00000, 0x0000000092d00000| Complete 
| 302|0x0000000092e00000, 0x0000000092f00000, 0x0000000092f00000|100%| E|CS|TAMS 0x0000000092e00000, 0x0000000092e00000| Complete 
| 303|0x0000000092f00000, 0x0000000093000000, 0x0000000093000000|100%| E|CS|TAMS 0x0000000092f00000, 0x0000000092f00000| Complete 
| 304|0x0000000093000000, 0x0000000093100000, 0x0000000093100000|100%| E|CS|TAMS 0x0000000093000000, 0x0000000093000000| Complete 
| 305|0x0000000093100000, 0x0000000093200000, 0x0000000093200000|100%| E|CS|TAMS 0x0000000093100000, 0x0000000093100000| Complete 
| 306|0x0000000093200000, 0x0000000093300000, 0x0000000093300000|100%| E|CS|TAMS 0x0000000093200000, 0x0000000093200000| Complete 
| 307|0x0000000093300000, 0x0000000093400000, 0x0000000093400000|100%| E|CS|TAMS 0x0000000093300000, 0x0000000093300000| Complete 

Card table byte_map: [0x00000235bc480000,0x00000235bc880000] _byte_map_base: 0x00000235bc080000

Marking Bits (Prev, Next): (CMBitMap*) 0x00000235a77ebe08, (CMBitMap*) 0x00000235a77ebe40
 Prev Bits: [0x00000235bcc80000, 0x00000235bec80000)
 Next Bits: [0x00000235bec80000, 0x00000235c0c80000)

Polling page: 0x00000235a7860000

Metaspace:

Usage:
  Non-class:    121.96 MB capacity,   119.03 MB ( 98%) used,     2.49 MB (  2%) free+waste,   451.50 KB ( <1%) overhead. 
      Class:     18.55 MB capacity,    16.95 MB ( 91%) used,     1.41 MB (  8%) free+waste,   202.44 KB (  1%) overhead. 
       Both:    140.52 MB capacity,   135.98 MB ( 97%) used,     3.90 MB (  3%) free+waste,   653.94 KB ( <1%) overhead. 

Virtual space:
  Non-class space:      124.00 MB reserved,     122.21 MB ( 99%) committed 
      Class space:        1.00 GB reserved,      18.65 MB (  2%) committed 
             Both:        1.12 GB reserved,     140.86 MB ( 12%) committed 

Chunk freelists:
   Non-Class:  19.00 KB
       Class:  43.00 KB
        Both:  62.00 KB

MaxMetaspaceSize: 17179869184.00 GB
CompressedClassSpaceSize: 1.00 GB

CodeHeap 'non-profiled nmethods': size=120064Kb used=15782Kb max_used=15782Kb free=104281Kb
 bounds [0x00000235b4510000, 0x00000235b5490000, 0x00000235bba50000]
CodeHeap 'profiled nmethods': size=120000Kb used=45822Kb max_used=46179Kb free=74177Kb
 bounds [0x00000235acfe0000, 0x00000235afd10000, 0x00000235b4510000]
CodeHeap 'non-nmethods': size=5696Kb used=2390Kb max_used=2474Kb free=3306Kb
 bounds [0x00000235aca50000, 0x00000235accd0000, 0x00000235acfe0000]
 total_blobs=21736 nmethods=20714 adapters=932
 compilation: enabled
              stopped_count=0, restarted_count=0
 full_count=0

Compilation events (20 events):
Event: 5671.599 Thread 0x00000235c3bd0000 22488       3       org.gradle.internal.execution.history.changes.DefaultFileChange::<init> (38 bytes)
Event: 5671.599 Thread 0x00000235c3bd0000 nmethod 22488 0x00000235add04b10 code [0x00000235add04ce0, 0x00000235add05078]
Event: 5671.599 Thread 0x00000235c3bd0000 22487       1       org.gradle.internal.execution.history.changes.FilePathWithType::getFileType (5 bytes)
Event: 5671.599 Thread 0x00000235c3bd0000 nmethod 22487 0x00000235b4949510 code [0x00000235b49496c0, 0x00000235b4949778]
Event: 5671.603 Thread 0x00000235c3bd0000 22489       3       java.util.ServiceLoader$LazyClassPathLookupIterator::parseLine (253 bytes)
Event: 5671.605 Thread 0x00000235c3bd0000 nmethod 22489 0x00000235adfded10 code [0x00000235adfdf220, 0x00000235adfe15a8]
Event: 5671.605 Thread 0x00000235c3bd0000 22490       3       org.apache.xerces.impl.dtd.XMLDTDProcessor::setFeature (1 bytes)
Event: 5671.605 Thread 0x00000235c3bd0000 nmethod 22490 0x00000235adbf5990 code [0x00000235adbf5b40, 0x00000235adbf5c38]
Event: 5671.605 Thread 0x00000235c3bd0000 22491       3       org.apache.xerces.impl.dtd.XMLDTDValidator::setFeature (1 bytes)
Event: 5671.605 Thread 0x00000235c3bd0000 nmethod 22491 0x00000235adc06590 code [0x00000235adc06740, 0x00000235adc06838]
Event: 5671.605 Thread 0x00000235c3bd0000 22492       3       org.apache.xerces.impl.XMLEntityManager::setFeature (48 bytes)
Event: 5671.606 Thread 0x00000235c3bd0000 nmethod 22492 0x00000235ade06290 code [0x00000235ade064e0, 0x00000235ade06c98]
Event: 5671.606 Thread 0x00000235c3bd0000 22493       3       org.apache.xerces.impl.XMLErrorReporter::setFeature (44 bytes)
Event: 5671.606 Thread 0x00000235c3bd0000 nmethod 22493 0x00000235ade81910 code [0x00000235ade81b60, 0x00000235ade82318]
Event: 5671.606 Thread 0x00000235c3bd0000 22494       3       org.apache.xerces.impl.XMLDocumentFragmentScannerImpl::setFeature (54 bytes)
Event: 5671.607 Thread 0x00000235c3bd0000 nmethod 22494 0x00000235ade91e90 code [0x00000235ade92100, 0x00000235ade92a58]
Event: 5671.609 Thread 0x00000235c3bd0000 22500       2       java.nio.HeapCharBuffer::<init> (29 bytes)
Event: 5671.610 Thread 0x00000235c3bd0000 nmethod 22500 0x00000235add74510 code [0x00000235add746c0, 0x00000235add74888]
Event: 5671.613 Thread 0x00000235c3bd0000 22502       2       java.nio.HeapCharBuffer::slice (45 bytes)
Event: 5671.613 Thread 0x00000235c3bd0000 nmethod 22502 0x00000235add9aa90 code [0x00000235add9ac40, 0x00000235add9aec8]

GC Heap History (20 events):
Event: 4662.043 GC heap before
{Heap before GC invocations=28 (full 0):
 garbage-first heap   total 315392K, used 239299K [0x0000000080000000, 0x0000000100000000)
  region size 1024K, 91 young (93184K), 2 survivors (2048K)
 Metaspace       used 128946K, capacity 132905K, committed 133356K, reserved 1165312K
  class space    used 16279K, capacity 17684K, committed 17944K, reserved 1048576K
}
Event: 4662.068 GC heap after
{Heap after GC invocations=29 (full 0):
 garbage-first heap   total 315392K, used 158457K [0x0000000080000000, 0x0000000100000000)
  region size 1024K, 10 young (10240K), 10 survivors (10240K)
 Metaspace       used 128946K, capacity 132905K, committed 133356K, reserved 1165312K
  class space    used 16279K, capacity 17684K, committed 17944K, reserved 1048576K
}
Event: 4664.497 GC heap before
{Heap before GC invocations=30 (full 0):
 garbage-first heap   total 315392K, used 272121K [0x0000000080000000, 0x0000000100000000)
  region size 1024K, 105 young (107520K), 10 survivors (10240K)
 Metaspace       used 131668K, capacity 135499K, committed 136044K, reserved 1167360K
  class space    used 16493K, capacity 17848K, committed 18072K, reserved 1048576K
}
Event: 4664.519 GC heap after
{Heap after GC invocations=31 (full 0):
 garbage-first heap   total 315392K, used 164905K [0x0000000080000000, 0x0000000100000000)
  region size 1024K, 7 young (7168K), 7 survivors (7168K)
 Metaspace       used 131668K, capacity 135499K, committed 136044K, reserved 1167360K
  class space    used 16493K, capacity 17848K, committed 18072K, reserved 1048576K
}
Event: 4664.628 GC heap before
{Heap before GC invocations=31 (full 0):
 garbage-first heap   total 315392K, used 173097K [0x0000000080000000, 0x0000000100000000)
  region size 1024K, 15 young (15360K), 7 survivors (7168K)
 Metaspace       used 131776K, capacity 135627K, committed 136044K, reserved 1167360K
  class space    used 16504K, capacity 17848K, committed 18072K, reserved 1048576K
}
Event: 4664.639 GC heap after
{Heap after GC invocations=32 (full 0):
 garbage-first heap   total 315392K, used 162568K [0x0000000080000000, 0x0000000100000000)
  region size 1024K, 2 young (2048K), 2 survivors (2048K)
 Metaspace       used 131776K, capacity 135627K, committed 136044K, reserved 1167360K
  class space    used 16504K, capacity 17848K, committed 18072K, reserved 1048576K
}
Event: 4665.824 GC heap before
{Heap before GC invocations=32 (full 0):
 garbage-first heap   total 315392K, used 257800K [0x0000000080000000, 0x0000000100000000)
  region size 1024K, 96 young (98304K), 2 survivors (2048K)
 Metaspace       used 133103K, capacity 136968K, committed 137196K, reserved 1169408K
  class space    used 16663K, capacity 18009K, committed 18200K, reserved 1048576K
}
Event: 4665.836 GC heap after
{Heap after GC invocations=33 (full 0):
 garbage-first heap   total 315392K, used 167688K [0x0000000080000000, 0x0000000100000000)
  region size 1024K, 7 young (7168K), 7 survivors (7168K)
 Metaspace       used 133103K, capacity 136968K, committed 137196K, reserved 1169408K
  class space    used 16663K, capacity 18009K, committed 18200K, reserved 1048576K
}
Event: 4842.616 GC heap before
{Heap before GC invocations=34 (full 0):
 garbage-first heap   total 315392K, used 260872K [0x0000000080000000, 0x0000000100000000)
  region size 1024K, 99 young (101376K), 7 survivors (7168K)
 Metaspace       used 135847K, capacity 139953K, committed 140268K, reserved 1171456K
  class space    used 16997K, capacity 18380K, committed 18456K, reserved 1048576K
}
Event: 4842.631 GC heap after
{Heap after GC invocations=35 (full 0):
 garbage-first heap   total 315392K, used 174156K [0x0000000080000000, 0x0000000100000000)
  region size 1024K, 13 young (13312K), 13 survivors (13312K)
 Metaspace       used 135847K, capacity 139953K, committed 140268K, reserved 1171456K
  class space    used 16997K, capacity 18380K, committed 18456K, reserved 1048576K
}
Event: 4842.664 GC heap before
{Heap before GC invocations=35 (full 0):
 garbage-first heap   total 315392K, used 176204K [0x0000000080000000, 0x0000000100000000)
  region size 1024K, 15 young (15360K), 13 survivors (13312K)
 Metaspace       used 135868K, capacity 140041K, committed 140268K, reserved 1171456K
  class space    used 16999K, capacity 18384K, committed 18456K, reserved 1048576K
}
Event: 4842.686 GC heap after
{Heap after GC invocations=36 (full 0):
 garbage-first heap   total 315392K, used 166501K [0x0000000080000000, 0x0000000100000000)
  region size 1024K, 2 young (2048K), 2 survivors (2048K)
 Metaspace       used 135868K, capacity 140041K, committed 140268K, reserved 1171456K
  class space    used 16999K, capacity 18384K, committed 18456K, reserved 1048576K
}
Event: 5587.486 GC heap before
{Heap before GC invocations=36 (full 0):
 garbage-first heap   total 315392K, used 258661K [0x0000000080000000, 0x0000000100000000)
  region size 1024K, 93 young (95232K), 2 survivors (2048K)
 Metaspace       used 136680K, capacity 141042K, committed 141292K, reserved 1171456K
  class space    used 17106K, capacity 18593K, committed 18712K, reserved 1048576K
}
Event: 5587.504 GC heap after
{Heap after GC invocations=37 (full 0):
 garbage-first heap   total 315392K, used 172645K [0x0000000080000000, 0x0000000100000000)
  region size 1024K, 8 young (8192K), 8 survivors (8192K)
 Metaspace       used 136680K, capacity 141042K, committed 141292K, reserved 1171456K
  class space    used 17106K, capacity 18593K, committed 18712K, reserved 1048576K
}
Event: 5594.359 GC heap before
{Heap before GC invocations=38 (full 0):
 garbage-first heap   total 315392K, used 261733K [0x0000000080000000, 0x0000000100000000)
  region size 1024K, 96 young (98304K), 8 survivors (8192K)
 Metaspace       used 138322K, capacity 142809K, committed 143084K, reserved 1173504K
  class space    used 17259K, capacity 18832K, committed 18968K, reserved 1048576K
}
Event: 5594.379 GC heap after
{Heap after GC invocations=39 (full 0):
 garbage-first heap   total 315392K, used 179856K [0x0000000080000000, 0x0000000100000000)
  region size 1024K, 8 young (8192K), 8 survivors (8192K)
 Metaspace       used 138322K, capacity 142809K, committed 143084K, reserved 1173504K
  class space    used 17259K, capacity 18832K, committed 18968K, reserved 1048576K
}
Event: 5594.582 GC heap before
{Heap before GC invocations=39 (full 0):
 garbage-first heap   total 315392K, used 186000K [0x0000000080000000, 0x0000000100000000)
  region size 1024K, 15 young (15360K), 8 survivors (8192K)
 Metaspace       used 138322K, capacity 142809K, committed 143084K, reserved 1173504K
  class space    used 17259K, capacity 18832K, committed 18968K, reserved 1048576K
}
Event: 5594.604 GC heap after
{Heap after GC invocations=40 (full 0):
 garbage-first heap   total 315392K, used 169308K [0x0000000080000000, 0x0000000100000000)
  region size 1024K, 2 young (2048K), 2 survivors (2048K)
 Metaspace       used 138322K, capacity 142809K, committed 143084K, reserved 1173504K
  class space    used 17259K, capacity 18832K, committed 18968K, reserved 1048576K
}
Event: 5671.074 GC heap before
{Heap before GC invocations=40 (full 0):
 garbage-first heap   total 315392K, used 260444K [0x0000000080000000, 0x0000000100000000)
  region size 1024K, 91 young (93184K), 2 survivors (2048K)
 Metaspace       used 139205K, capacity 143920K, committed 143980K, reserved 1175552K
  class space    used 17368K, capacity 19038K, committed 19096K, reserved 1048576K
}
Event: 5671.103 GC heap after
{Heap after GC invocations=41 (full 0):
 garbage-first heap   total 315392K, used 177092K [0x0000000080000000, 0x0000000100000000)
  region size 1024K, 9 young (9216K), 9 survivors (9216K)
 Metaspace       used 139205K, capacity 143920K, committed 143980K, reserved 1175552K
  class space    used 17368K, capacity 19038K, committed 19096K, reserved 1048576K
}

Deoptimization events (20 events):
Event: 5671.010 Thread 0x00000235c64e2000 DEOPT PACKING pc=0x00000235b4807964 sp=0x000000f312bfa2b0
Event: 5671.010 Thread 0x00000235c64e2000 DEOPT UNPACKING pc=0x00000235aca7662f sp=0x000000f312bfa290 mode 2
Event: 5671.010 Thread 0x00000235c64e2000 Uncommon trap: trap_request=0xffffffbe fr.pc=0x00000235b4807964 relative=0x0000000000001c24
Event: 5671.010 Thread 0x00000235c64e2000 Uncommon trap: reason=profile_predicate action=maybe_recompile pc=0x00000235b4807964 method=org.gradle.api.internal.artifacts.configurations.Configurations.getNames(Ljava/util/Collection;)Lcom/google/common/collect/ImmutableSet; @ 67 c2
Event: 5671.010 Thread 0x00000235c64e2000 DEOPT PACKING pc=0x00000235b4807964 sp=0x000000f312bfa2b0
Event: 5671.010 Thread 0x00000235c64e2000 DEOPT UNPACKING pc=0x00000235aca7662f sp=0x000000f312bfa290 mode 2
Event: 5671.010 Thread 0x00000235c64e2000 Uncommon trap: trap_request=0xffffffbe fr.pc=0x00000235b4807964 relative=0x0000000000001c24
Event: 5671.010 Thread 0x00000235c64e2000 Uncommon trap: reason=profile_predicate action=maybe_recompile pc=0x00000235b4807964 method=org.gradle.api.internal.artifacts.configurations.Configurations.getNames(Ljava/util/Collection;)Lcom/google/common/collect/ImmutableSet; @ 67 c2
Event: 5671.010 Thread 0x00000235c64e2000 DEOPT PACKING pc=0x00000235b4807964 sp=0x000000f312bfa2b0
Event: 5671.010 Thread 0x00000235c64e2000 DEOPT UNPACKING pc=0x00000235aca7662f sp=0x000000f312bfa290 mode 2
Event: 5671.010 Thread 0x00000235c64e2000 Uncommon trap: trap_request=0xffffffbe fr.pc=0x00000235b4807964 relative=0x0000000000001c24
Event: 5671.010 Thread 0x00000235c64e2000 Uncommon trap: reason=profile_predicate action=maybe_recompile pc=0x00000235b4807964 method=org.gradle.api.internal.artifacts.configurations.Configurations.getNames(Ljava/util/Collection;)Lcom/google/common/collect/ImmutableSet; @ 67 c2
Event: 5671.010 Thread 0x00000235c64e2000 DEOPT PACKING pc=0x00000235b4807964 sp=0x000000f312bfa2b0
Event: 5671.010 Thread 0x00000235c64e2000 DEOPT UNPACKING pc=0x00000235aca7662f sp=0x000000f312bfa290 mode 2
Event: 5671.023 Thread 0x00000235c64e2000 DEOPT PACKING pc=0x00000235aee0b6d8 sp=0x000000f312bf8590
Event: 5671.023 Thread 0x00000235c64e2000 DEOPT UNPACKING pc=0x00000235aca76dde sp=0x000000f312bf7a60 mode 0
Event: 5671.612 Thread 0x00000235c64de800 Uncommon trap: trap_request=0xffffff4d fr.pc=0x00000235b477acac relative=0x000000000000176c
Event: 5671.612 Thread 0x00000235c64de800 Uncommon trap: reason=unstable_if action=reinterpret pc=0x00000235b477acac method=java.util.concurrent.locks.AbstractQueuedSynchronizer.isOnSyncQueue(Ljava/util/concurrent/locks/AbstractQueuedSynchronizer$Node;)Z @ 13 c2
Event: 5671.612 Thread 0x00000235c64de800 DEOPT PACKING pc=0x00000235b477acac sp=0x000000f312efed70
Event: 5671.612 Thread 0x00000235c64de800 DEOPT UNPACKING pc=0x00000235aca7662f sp=0x000000f312efecd8 mode 2

Classes redefined (0 events):
No events

Internal exceptions (20 events):
Event: 5587.940 Thread 0x00000235cb5f5800 Exception <a 'java/lang/ClassNotFoundException'{0x0000000091fa6bc0}: build_cecvgihxpi45r4yg5wqkiwfzt$_run_closure1Customizer> (0x0000000091fa6bc0) thrown at [./src/hotspot/share/classfile/systemDictionary.cpp, line 231]
Event: 5588.154 Thread 0x00000235cb5f5800 Exception <a 'sun/nio/fs/WindowsException'{0x00000000908a1b00}> (0x00000000908a1b00) thrown at [./src/hotspot/share/prims/jni.cpp, line 615]
Event: 5588.162 Thread 0x00000235cb5f5800 Exception <a 'sun/nio/fs/WindowsException'{0x0000000090747370}> (0x0000000090747370) thrown at [./src/hotspot/share/prims/jni.cpp, line 615]
Event: 5588.162 Thread 0x00000235cb5f5800 Exception <a 'sun/nio/fs/WindowsException'{0x0000000090748338}> (0x0000000090748338) thrown at [./src/hotspot/share/prims/jni.cpp, line 615]
Event: 5588.162 Thread 0x00000235cb5f5800 Exception <a 'sun/nio/fs/WindowsException'{0x0000000090749350}> (0x0000000090749350) thrown at [./src/hotspot/share/prims/jni.cpp, line 615]
Event: 5588.162 Thread 0x00000235cb5f5800 Exception <a 'sun/nio/fs/WindowsException'{0x000000009074a368}> (0x000000009074a368) thrown at [./src/hotspot/share/prims/jni.cpp, line 615]
Event: 5588.181 Thread 0x00000235cb5f5800 Exception <a 'java/lang/reflect/InvocationTargetException'{0x00000000906c3f80}> (0x00000000906c3f80) thrown at [./src/hotspot/share/runtime/reflection.cpp, line 1247]
Event: 5589.326 Thread 0x00000235cb5f5800 Implicit null exception at 0x00000235b5395d22 to 0x00000235b539710c
Event: 5589.333 Thread 0x00000235cb5f5800 Implicit null exception at 0x00000235b4fd4ea0 to 0x00000235b4fd8320
Event: 5590.645 Thread 0x00000235c750c800 Implicit null exception at 0x00000235b5376c87 to 0x00000235b537dde0
Event: 5594.658 Thread 0x00000235cb5f5800 Implicit null exception at 0x00000235b51d453d to 0x00000235b51d99d0
Event: 5594.846 Thread 0x00000235cb5b9800 Exception <a 'sun/nio/fs/WindowsException'{0x0000000090f31fa0}> (0x0000000090f31fa0) thrown at [./src/hotspot/share/prims/jni.cpp, line 615]
Event: 5594.858 Thread 0x00000235cb5b5800 Exception <a 'sun/nio/fs/WindowsException'{0x0000000090f7ffb0}> (0x0000000090f7ffb0) thrown at [./src/hotspot/share/prims/jni.cpp, line 615]
Event: 5670.789 Thread 0x00000235c64e2000 Exception <a 'sun/nio/fs/WindowsException'{0x000000008e8030e8}> (0x000000008e8030e8) thrown at [./src/hotspot/share/prims/jni.cpp, line 615]
Event: 5670.973 Thread 0x00000235c64e2000 Exception <a 'sun/nio/fs/WindowsException'{0x000000008def8cc0}> (0x000000008def8cc0) thrown at [./src/hotspot/share/prims/jni.cpp, line 615]
Event: 5670.985 Thread 0x00000235c64e2000 Exception <a 'sun/nio/fs/WindowsException'{0x000000008dd9fa20}> (0x000000008dd9fa20) thrown at [./src/hotspot/share/prims/jni.cpp, line 615]
Event: 5670.985 Thread 0x00000235c64e2000 Exception <a 'sun/nio/fs/WindowsException'{0x000000008dda0c90}> (0x000000008dda0c90) thrown at [./src/hotspot/share/prims/jni.cpp, line 615]
Event: 5670.985 Thread 0x00000235c64e2000 Exception <a 'sun/nio/fs/WindowsException'{0x000000008dda1f50}> (0x000000008dda1f50) thrown at [./src/hotspot/share/prims/jni.cpp, line 615]
Event: 5670.985 Thread 0x00000235c64e2000 Exception <a 'sun/nio/fs/WindowsException'{0x000000008dda3210}> (0x000000008dda3210) thrown at [./src/hotspot/share/prims/jni.cpp, line 615]
Event: 5671.612 Thread 0x00000235c64de800 Implicit null exception at 0x00000235aef2e14b to 0x0000000000000000

Events (20 events):
Event: 5671.402 Executing VM operation: RevokeBias
Event: 5671.402 Executing VM operation: RevokeBias done
Event: 5671.402 Executing VM operation: RevokeBias
Event: 5671.403 Executing VM operation: RevokeBias done
Event: 5671.403 Executing VM operation: RevokeBias
Event: 5671.403 Executing VM operation: RevokeBias done
Event: 5671.403 Executing VM operation: RevokeBias
Event: 5671.403 Executing VM operation: RevokeBias done
Event: 5671.404 Executing VM operation: RevokeBias
Event: 5671.404 Executing VM operation: RevokeBias done
Event: 5671.404 Executing VM operation: RevokeBias
Event: 5671.405 Executing VM operation: RevokeBias done
Event: 5671.405 Executing VM operation: RevokeBias
Event: 5671.405 Executing VM operation: RevokeBias done
Event: 5671.406 Executing VM operation: RevokeBias
Event: 5671.406 Executing VM operation: RevokeBias done
Event: 5671.406 Executing VM operation: RevokeBias
Event: 5671.407 Executing VM operation: RevokeBias done
Event: 5671.542 Executing VM operation: CGC_Operation
Event: 5671.543 Executing VM operation: CGC_Operation done


Dynamic libraries:
0x00007ff77df80000 - 0x00007ff77df8a000 	C:\Program Files\Android\Android Studio\jre\bin\java.exe
0x00007ffd13d10000 - 0x00007ffd13efd000 	C:\WINDOWS\SYSTEM32\ntdll.dll
0x00007ffd11030000 - 0x00007ffd110e3000 	C:\WINDOWS\System32\KERNEL32.DLL
0x00007ffd10130000 - 0x00007ffd103c3000 	C:\WINDOWS\System32\KERNELBASE.dll
0x00000000637e0000 - 0x000000006386e000 	C:\WINDOWS\System32\SYSFER.DLL
0x00007ffd12ce0000 - 0x00007ffd12d83000 	C:\WINDOWS\System32\ADVAPI32.dll
0x00007ffd133e0000 - 0x00007ffd1347e000 	C:\WINDOWS\System32\msvcrt.dll
0x00007ffd13340000 - 0x00007ffd133de000 	C:\WINDOWS\System32\sechost.dll
0x00007ffd13900000 - 0x00007ffd13a22000 	C:\WINDOWS\System32\RPCRT4.dll
0x00007ffd10dd0000 - 0x00007ffd10eca000 	C:\WINDOWS\System32\ucrtbase.dll
0x00007ffd00760000 - 0x00007ffd00777000 	C:\Program Files\Android\Android Studio\jre\bin\VCRUNTIME140.dll
0x00007ffcff4d0000 - 0x00007ffcff4e9000 	C:\Program Files\Android\Android Studio\jre\bin\jli.dll
0x00007ffd12ed0000 - 0x00007ffd13067000 	C:\WINDOWS\System32\USER32.dll
0x00007ffd0fdd0000 - 0x00007ffd0fdf0000 	C:\WINDOWS\System32\win32u.dll
0x00007ffd13cb0000 - 0x00007ffd13cd9000 	C:\WINDOWS\System32\GDI32.dll
0x00007ffcffe90000 - 0x00007ffd00109000 	C:\WINDOWS\WinSxS\amd64_microsoft.windows.common-controls_6595b64144ccf1df_6.0.17763.1039_none_de701650534c7021\COMCTL32.dll
0x00007ffd0fe70000 - 0x00007ffd10009000 	C:\WINDOWS\System32\gdi32full.dll
0x00007ffd11330000 - 0x00007ffd1165c000 	C:\WINDOWS\System32\combase.dll
0x00007ffd10b50000 - 0x00007ffd10bf0000 	C:\WINDOWS\System32\msvcp_win.dll
0x00007ffd0fdf0000 - 0x00007ffd0fe6e000 	C:\WINDOWS\System32\bcryptPrimitives.dll
0x00007ffd11660000 - 0x00007ffd11668000 	C:\WINDOWS\System32\psapi.dll
0x00007ffd10f30000 - 0x00007ffd10f5e000 	C:\WINDOWS\System32\IMM32.DLL
0x00007ffcdd0c0000 - 0x00007ffcdd15d000 	C:\Program Files\Android\Android Studio\jre\bin\msvcp140.dll
0x00007ffcd3be0000 - 0x00007ffcd46b5000 	C:\Program Files\Android\Android Studio\jre\bin\server\jvm.dll
0x00007ffd00710000 - 0x00007ffd00719000 	C:\WINDOWS\SYSTEM32\WSOCK32.dll
0x00007ffd13a30000 - 0x00007ffd13a9d000 	C:\WINDOWS\System32\WS2_32.dll
0x00007ffd0df20000 - 0x00007ffd0df44000 	C:\WINDOWS\SYSTEM32\WINMM.dll
0x00007ffd06df0000 - 0x00007ffd06dfa000 	C:\WINDOWS\SYSTEM32\VERSION.dll
0x00007ffd0def0000 - 0x00007ffd0df1d000 	C:\WINDOWS\SYSTEM32\WINMMBASE.dll
0x00007ffd10010000 - 0x00007ffd1005a000 	C:\WINDOWS\System32\cfgmgr32.dll
0x00007ffd0fd00000 - 0x00007ffd0fd11000 	C:\WINDOWS\System32\kernel.appcore.dll
0x00007ffd00740000 - 0x00007ffd00751000 	C:\Program Files\Android\Android Studio\jre\bin\verify.dll
0x00007ffcfedb0000 - 0x00007ffcfef9d000 	C:\WINDOWS\SYSTEM32\DBGHELP.DLL
0x00007ffcfed80000 - 0x00007ffcfedaa000 	C:\WINDOWS\SYSTEM32\dbgcore.DLL
0x00007ffcde6b0000 - 0x00007ffcde6d9000 	C:\Program Files\Android\Android Studio\jre\bin\java.dll
0x00007ffd00700000 - 0x00007ffd0070b000 	C:\Program Files\Android\Android Studio\jre\bin\jimage.dll
0x00007ffcf0280000 - 0x00007ffcf0298000 	C:\Program Files\Android\Android Studio\jre\bin\zip.dll
0x00007ffd11670000 - 0x00007ffd12b64000 	C:\WINDOWS\System32\SHELL32.dll
0x00007ffd110f0000 - 0x00007ffd11198000 	C:\WINDOWS\System32\shcore.dll
0x00007ffd103d0000 - 0x00007ffd10b1d000 	C:\WINDOWS\System32\windows.storage.dll
0x00007ffd0fd20000 - 0x00007ffd0fd44000 	C:\WINDOWS\System32\profapi.dll
0x00007ffd0fd50000 - 0x00007ffd0fdad000 	C:\WINDOWS\System32\powrprof.dll
0x00007ffd13c50000 - 0x00007ffd13ca2000 	C:\WINDOWS\System32\shlwapi.dll
0x00007ffd10060000 - 0x00007ffd10077000 	C:\WINDOWS\System32\cryptsp.dll
0x00007ffceeaa0000 - 0x00007ffceeaba000 	C:\Program Files\Android\Android Studio\jre\bin\net.dll
0x00007ffd06ad0000 - 0x00007ffd06bc2000 	C:\WINDOWS\SYSTEM32\WINHTTP.dll
0x00007ffd0f510000 - 0x00007ffd0f577000 	C:\WINDOWS\system32\mswsock.dll
0x00007ffce8480000 - 0x00007ffce8494000 	C:\Program Files\Android\Android Studio\jre\bin\nio.dll
0x00007ffcff190000 - 0x00007ffcff1b7000 	C:\Users\CIPL1049\.gradle\native\e1d6ef7f7dcc3fd88c89a11ec53ec762bb8ba0a96d01ffa2cd45eb1d1d8dd5c5\windows-amd64\native-platform.dll
0x00007ffcf17d0000 - 0x00007ffcf1914000 	C:\Users\CIPL1049\.gradle\native\5664cfc778a61ccfe75a443a1ab52a65af34e5dc3c78e0209fed803814484fcb\windows-amd64\native-platform-file-events.dll
0x00007ffd00670000 - 0x00007ffd0067a000 	C:\Program Files\Android\Android Studio\jre\bin\management.dll
0x00007ffcfed60000 - 0x00007ffcfed6d000 	C:\Program Files\Android\Android Studio\jre\bin\management_ext.dll
0x00007ffd0f090000 - 0x00007ffd0f0c3000 	C:\WINDOWS\system32\rsaenh.dll
0x00007ffd10b20000 - 0x00007ffd10b46000 	C:\WINDOWS\System32\bcrypt.dll
0x00007ffd0fc00000 - 0x00007ffd0fc28000 	C:\WINDOWS\SYSTEM32\USERENV.dll
0x00007ffd0f6e0000 - 0x00007ffd0f6ec000 	C:\WINDOWS\SYSTEM32\CRYPTBASE.dll
0x00007ffd0f230000 - 0x00007ffd0f26d000 	C:\WINDOWS\SYSTEM32\IPHLPAPI.DLL
0x00007ffd12b70000 - 0x00007ffd12b78000 	C:\WINDOWS\System32\NSI.dll
0x00007ffd07490000 - 0x00007ffd074a6000 	C:\WINDOWS\SYSTEM32\dhcpcsvc6.DLL
0x00007ffd07390000 - 0x00007ffd073ac000 	C:\WINDOWS\SYSTEM32\dhcpcsvc.DLL
0x00007ffd0f270000 - 0x00007ffd0f336000 	C:\WINDOWS\SYSTEM32\DNSAPI.dll
0x00007ffcf8f10000 - 0x00007ffcf8f37000 	C:\Program Files\Android\Android Studio\jre\bin\sunec.dll
0x00007ffd06e00000 - 0x00007ffd06e0a000 	C:\Windows\System32\rasadhlp.dll
0x00007ffd07cf0000 - 0x00007ffd07d69000 	C:\WINDOWS\System32\fwpuclnt.dll
0x00007ffd0ed70000 - 0x00007ffd0eda1000 	C:\WINDOWS\SYSTEM32\ntmarta.dll

dbghelp: loaded successfully - version: 4.0.5 - missing functions: none
symbol engine: initialized successfully - sym options: 0x614 - pdb path: .;C:\Program Files\Android\Android Studio\jre\bin;C:\WINDOWS\SYSTEM32;C:\WINDOWS\WinSxS\amd64_microsoft.windows.common-controls_6595b64144ccf1df_6.0.17763.1039_none_de701650534c7021;C:\Program Files\Android\Android Studio\jre\bin\server;C:\Users\CIPL1049\.gradle\native\e1d6ef7f7dcc3fd88c89a11ec53ec762bb8ba0a96d01ffa2cd45eb1d1d8dd5c5\windows-amd64;C:\Users\CIPL1049\.gradle\native\5664cfc778a61ccfe75a443a1ab52a65af34e5dc3c78e0209fed803814484fcb\windows-amd64

VM Arguments:
jvm_args: --add-opens=java.base/java.util=ALL-UNNAMED --add-opens=java.base/java.lang=ALL-UNNAMED --add-opens=java.base/java.lang.invoke=ALL-UNNAMED --add-opens=java.base/java.util=ALL-UNNAMED --add-opens=java.prefs/java.util.prefs=ALL-UNNAMED --add-opens=java.prefs/java.util.prefs=ALL-UNNAMED --add-opens=java.base/java.nio.charset=ALL-UNNAMED --add-opens=java.base/java.net=ALL-UNNAMED --add-opens=java.base/java.util.concurrent.atomic=ALL-UNNAMED -Xmx2048m -Dfile.encoding=UTF-8 -Duser.country=IN -Duser.language=en -Duser.variant 
java_command: org.gradle.launcher.daemon.bootstrap.GradleDaemon 7.2
java_class_path (initial): C:\Users\CIPL1049\.gradle\wrapper\dists\gradle-7.2-bin\2dnblmf4td7x66yl1d74lt32g\gradle-7.2\lib\gradle-launcher-7.2.jar
Launcher Type: SUN_STANDARD

[Global flags]
     intx CICompilerCount                          = 3                                         {product} {ergonomic}
     uint ConcGCThreads                            = 1                                         {product} {ergonomic}
     uint G1ConcRefinementThreads                  = 4                                         {product} {ergonomic}
   size_t G1HeapRegionSize                         = 1048576                                   {product} {ergonomic}
    uintx GCDrainStackTargetSize                   = 64                                        {product} {ergonomic}
   size_t InitialHeapSize                          = 268435456                                 {product} {ergonomic}
   size_t MarkStackSize                            = 4194304                                   {product} {ergonomic}
   size_t MaxHeapSize                              = 2147483648                                {product} {command line}
   size_t MaxNewSize                               = 1287651328                                {product} {ergonomic}
   size_t MinHeapDeltaBytes                        = 1048576                                   {product} {ergonomic}
    uintx NonNMethodCodeHeapSize                   = 5830732                                {pd product} {ergonomic}
    uintx NonProfiledCodeHeapSize                  = 122913754                              {pd product} {ergonomic}
    uintx ProfiledCodeHeapSize                     = 122913754                              {pd product} {ergonomic}
    uintx ReservedCodeCacheSize                    = 251658240                              {pd product} {ergonomic}
     bool SegmentedCodeCache                       = true                                      {product} {ergonomic}
     bool UseCompressedClassPointers               = true                                 {lp64_product} {ergonomic}
     bool UseCompressedOops                        = true                                 {lp64_product} {ergonomic}
     bool UseG1GC                                  = true                                      {product} {ergonomic}
     bool UseLargePagesIndividualAllocation        = false                                  {pd product} {ergonomic}

Logging:
Log output configuration:
 #0: stdout all=warning uptime,level,tags
 #1: stderr all=off uptime,level,tags

Environment Variables:
PATH=C:\WINDOWS\system32;C:\WINDOWS;C:\WINDOWS\System32\Wbem;C:\WINDOWS\System32\WindowsPowerShell\v1.0\;C:\WINDOWS\System32\OpenSSH\;C:\Program Files (x86)\Windows Live\Shared;C:\Program Files\Git\cmd;C:\Users\CIPL1049\AppData\Local\Microsoft\WindowsApps;C:\Users\CIPL1049\AppData\Local\Programs\Git\cmd
USERNAME=CIPL1049
OS=Windows_NT
PROCESSOR_IDENTIFIER=Intel64 Family 6 Model 158 Stepping 9, GenuineIntel



---------------  S Y S T E M  ---------------

OS: Windows 10 , 64 bit Build 17763 (10.0.17763.475)
OS uptime: 10 days 15:38 hours

CPU:total 4 (initial active 4) (2 cores per cpu, 2 threads per core) family 6 model 158 stepping 9 microcode 0x8e, cmov, cx8, fxsr, mmx, sse, sse2, sse3, ssse3, sse4.1, sse4.2, popcnt, avx, avx2, aes, clmul, erms, 3dnowpref, lzcnt, ht, tsc, tscinvbit, bmi1, bmi2, adx, fma

Memory: 4k page, system-wide physical 16291M (7891M free)
TotalPageFile size 24116M (AvailPageFile size 14545M)
current process WorkingSet (physical memory assigned to process): 608M, peak: 640M
current process commit charge ("private bytes"): 719M, peak: 723M

vm_info: OpenJDK 64-Bit Server VM (11.0.11+9-b60-7590822) for windows-amd64 JRE (11.0.11+9-b60-7590822), built on Jul 29 2021 21:43:44 by "builder" with MS VC++ 14.0 (VS2015)

END.
